#
# There is insufficient memory for the Java Runtime Environment to continue.
# Native memory allocation (malloc) failed to allocate 743056 bytes for Chunk::new
# Possible reasons:
#   The system is out of physical RAM or swap space
#   The process is running with CompressedOops enabled, and the Java Heap may be blocking the growth of the native heap
# Possible solutions:
#   Reduce memory load on the system
#   Increase physical memory or swap space
#   Check if swap backing store is full
#   Decrease Java heap size (-Xmx/-Xms)
#   Decrease number of Java threads
#   Decrease Java thread stack sizes (-Xss)
#   Set larger code cache with -XX:ReservedCodeCacheSize=
#   JVM is running with Unscaled Compressed Oops mode in which the Java heap is
#     placed in the first 4GB address space. The Java Heap base address is the
#     maximum limit for the native heap growth. Please use -XX:HeapBaseMinAddress
#     to set the Java Heap base and to place the Java Heap above 4GB virtual address.
# This output file may be truncated or incomplete.
#
#  Out of Memory Error (./src/hotspot/share/memory/arena.cpp:197), pid=18252, tid=17220
#
# JRE version: OpenJDK Runtime Environment (11.0.11+9) (build 11.0.11+9-b60-7590822)
# Java VM: OpenJDK 64-Bit Server VM (11.0.11+9-b60-7590822, mixed mode, tiered, compressed oops, g1 gc, windows-amd64)
# No core dump will be written. Minidumps are not enabled by default on client versions of Windows
#

---------------  S U M M A R Y ------------

Command Line: --add-opens=java.base/java.util=ALL-UNNAMED --add-opens=java.base/java.lang=ALL-UNNAMED --add-opens=java.base/java.lang.invoke=ALL-UNNAMED --add-opens=java.base/java.util=ALL-UNNAMED --add-opens=java.prefs/java.util.prefs=ALL-UNNAMED --add-opens=java.prefs/java.util.prefs=ALL-UNNAMED --add-opens=java.base/java.nio.charset=ALL-UNNAMED --add-opens=java.base/java.net=ALL-UNNAMED --add-opens=java.base/java.util.concurrent.atomic=ALL-UNNAMED -Xmx2048m -Dfile.encoding=UTF-8 -Duser.country=KR -Duser.language=ko -Duser.variant org.gradle.launcher.daemon.bootstrap.GradleDaemon 7.2

Host: Intel(R) Core(TM) i5-8265U CPU @ 1.60GHz, 8 cores, 15G,  Windows 10 , 64 bit Build 22000 (10.0.22000.1335)
Time: Fri Jan  6 13:53:11 2023 대한민국 표준시 elapsed time: 30.107865 seconds (0d 0h 0m 30s)

---------------  T H R E A D  ---------------

Current thread (0x000002bc64276000):  JavaThread "C2 CompilerThread0" daemon [_thread_in_native, id=17220, stack(0x000000c40d500000,0x000000c40d600000)]


Current CompileTask:
C2:  30108 9527   !   4       org.gradle.api.internal.attributes.DefaultImmutableAttributesFactory::doConcatIsolatable (128 bytes)

Stack: [0x000000c40d500000,0x000000c40d600000]
Native frames: (J=compiled Java code, j=interpreted, Vv=VM code, C=native code)
V  [jvm.dll+0x5f214a]
V  [jvm.dll+0x726fb5]
V  [jvm.dll+0x7285cd]
V  [jvm.dll+0x728c83]
V  [jvm.dll+0x243278]
V  [jvm.dll+0xbc53c]
V  [jvm.dll+0xbca3c]
V  [jvm.dll+0x2b5c34]
V  [jvm.dll+0x508488]
V  [jvm.dll+0x1fd92d]
V  [jvm.dll+0x1fb35f]
V  [jvm.dll+0x183d6c]
V  [jvm.dll+0x209a57]
V  [jvm.dll+0x2082a1]
V  [jvm.dll+0x6ef58f]
V  [jvm.dll+0x6e80b5]
V  [jvm.dll+0x5f1036]
C  [ucrtbase.dll+0x26c0c]
C  [KERNEL32.DLL+0x155a0]
C  [ntdll.dll+0x485b]


---------------  P R O C E S S  ---------------

Threads class SMR info:
_java_thread_list=0x000002bc695c7a80, length=133, elements={
0x000002bc4950f000, 0x000002bc639be000, 0x000002bc641f4800, 0x000002bc6426f800,
0x000002bc64271000, 0x000002bc64274000, 0x000002bc64276000, 0x000002bc64285800,
0x000002bc642a3000, 0x000002bc643da800, 0x000002bc66299000, 0x000002bc66270000,
0x000002bc656e5800, 0x000002bc65b22000, 0x000002bc66aa9000, 0x000002bc66d5e800,
0x000002bc665af800, 0x000002bc655a8800, 0x000002bc655a9000, 0x000002bc67234800,
0x000002bc67231000, 0x000002bc67232800, 0x000002bc67236000, 0x000002bc67235000,
0x000002bc67230800, 0x000002bc67233800, 0x000002bc67232000, 0x000002bc67237000,
0x000002bc6b2ef800, 0x000002bc6b2f3000, 0x000002bc6b2f0800, 0x000002bc6b2f4800,
0x000002bc6b2f6000, 0x000002bc6b2f7000, 0x000002bc6b2f1000, 0x000002bc6b2fb000,
0x000002bc6b2fc800, 0x000002bc6b2f8800, 0x000002bc6b2f7800, 0x000002bc6b2fc000,
0x000002bc6b2f9800, 0x000002bc6b2fa000, 0x000002bc66ee3800, 0x000002bc66ee7000,
0x000002bc66ee7800, 0x000002bc66ee4800, 0x000002bc66ee5000, 0x000002bc66ee6000,
0x000002bc66ee2000, 0x000002bc66ee8800, 0x000002bc66ee2800, 0x000002bc66eeb800,
0x000002bc66eed800, 0x000002bc66ee9000, 0x000002bc66eeb000, 0x000002bc66ef0000,
0x000002bc66eec800, 0x000002bc66eea000, 0x000002bc66eef000, 0x000002bc66ef0800,
0x000002bc66eee000, 0x000002bc6ada6800, 0x000002bc6ada2000, 0x000002bc6ada3000,
0x000002bc6ada9000, 0x000002bc6ada4800, 0x000002bc6ada8000, 0x000002bc6ada5800,
0x000002bc6ada9800, 0x000002bc6ada7000, 0x000002bc6ada4000, 0x000002bc6adad000,
0x000002bc6adaa800, 0x000002bc6adb0000, 0x000002bc6adac000, 0x000002bc6adae800,
0x000002bc6adb1000, 0x000002bc6adaf800, 0x000002bc6adad800, 0x000002bc6adab000,
0x000002bc66ebd000, 0x000002bc66ebc800, 0x000002bc66ebf000, 0x000002bc66ebb800,
0x000002bc66ebe000, 0x000002bc66ebf800, 0x000002bc66eba000, 0x000002bc66ec0800,
0x000002bc66eba800, 0x000002bc66ec3000, 0x000002bc66ec4800, 0x000002bc66ec7000,
0x000002bc66ec3800, 0x000002bc66ec6000, 0x000002bc66ec1800, 0x000002bc66ec8000,
0x000002bc66ec5800, 0x000002bc66ec2000, 0x000002bc66ec8800, 0x000002bc66a5e000,
0x000002bc66a62000, 0x000002bc66a63800, 0x000002bc66a5e800, 0x000002bc66a5f800,
0x000002bc66a64800, 0x000002bc66a60000, 0x000002bc66a67000, 0x000002bc66a61000,
0x000002bc66a62800, 0x000002bc66a67800, 0x000002bc66a69000, 0x000002bc66a6a000,
0x000002bc66a6b000, 0x000002bc66a65000, 0x000002bc66a6b800, 0x000002bc66a66000,
0x000002bc66a68800, 0x000002bc66a6c800, 0x000002bc6667c000, 0x000002bc6667c800,
0x000002bc66677800, 0x000002bc6abd4000, 0x000002bc6a17a800, 0x000002bc6667b000,
0x000002bc6667e800, 0x000002bc6667d800, 0x000002bc66678800, 0x000002bc66679800,
0x000002bc6667f000, 0x000002bc66680000, 0x000002bc6667a000, 0x000002bc66684000,
0x000002bc66681800
}

Java Threads: ( => current thread )
  0x000002bc4950f000 JavaThread "main" [_thread_blocked, id=10016, stack(0x000000c40c900000,0x000000c40ca00000)]
  0x000002bc639be000 JavaThread "Reference Handler" daemon [_thread_blocked, id=9736, stack(0x000000c40d000000,0x000000c40d100000)]
  0x000002bc641f4800 JavaThread "Finalizer" daemon [_thread_blocked, id=7388, stack(0x000000c40d100000,0x000000c40d200000)]
  0x000002bc6426f800 JavaThread "Signal Dispatcher" daemon [_thread_blocked, id=21144, stack(0x000000c40d200000,0x000000c40d300000)]
  0x000002bc64271000 JavaThread "Attach Listener" daemon [_thread_blocked, id=21404, stack(0x000000c40d300000,0x000000c40d400000)]
  0x000002bc64274000 JavaThread "Service Thread" daemon [_thread_blocked, id=12140, stack(0x000000c40d400000,0x000000c40d500000)]
=>0x000002bc64276000 JavaThread "C2 CompilerThread0" daemon [_thread_in_native, id=17220, stack(0x000000c40d500000,0x000000c40d600000)]
  0x000002bc64285800 JavaThread "C1 CompilerThread0" daemon [_thread_in_native, id=7928, stack(0x000000c40d600000,0x000000c40d700000)]
  0x000002bc642a3000 JavaThread "Sweeper thread" daemon [_thread_blocked, id=6860, stack(0x000000c40d700000,0x000000c40d800000)]
  0x000002bc643da800 JavaThread "Common-Cleaner" daemon [_thread_blocked, id=22032, stack(0x000000c40d800000,0x000000c40d900000)]
  0x000002bc66299000 JavaThread "Daemon health stats" [_thread_blocked, id=4112, stack(0x000000c40e100000,0x000000c40e200000)]
  0x000002bc66270000 JavaThread "Incoming local TCP Connector on port 2364" [_thread_in_native, id=21884, stack(0x000000c40da00000,0x000000c40db00000)]
  0x000002bc656e5800 JavaThread "Daemon periodic checks" [_thread_blocked, id=20476, stack(0x000000c40db00000,0x000000c40dc00000)]
  0x000002bc65b22000 JavaThread "Daemon" [_thread_blocked, id=13160, stack(0x000000c40e200000,0x000000c40e300000)]
  0x000002bc66aa9000 JavaThread "Handler for socket connection from /127.0.0.1:2364 to /127.0.0.1:2365" [_thread_in_native, id=18752, stack(0x000000c40e300000,0x000000c40e400000)]
  0x000002bc66d5e800 JavaThread "Cancel handler" [_thread_blocked, id=8964, stack(0x000000c40e400000,0x000000c40e500000)]
  0x000002bc665af800 JavaThread "Daemon worker" [_thread_blocked, id=22148, stack(0x000000c40e500000,0x000000c40e600000)]
  0x000002bc655a8800 JavaThread "Asynchronous log dispatcher for DefaultDaemonConnection: socket connection from /127.0.0.1:2364 to /127.0.0.1:2365" [_thread_blocked, id=16744, stack(0x000000c40e700000,0x000000c40e800000)]
  0x000002bc655a9000 JavaThread "Stdin handler" [_thread_blocked, id=21068, stack(0x000000c40e800000,0x000000c40e900000)]
  0x000002bc67234800 JavaThread "Daemon client event forwarder" [_thread_blocked, id=15576, stack(0x000000c40e900000,0x000000c40ea00000)]
  0x000002bc67231000 JavaThread "Cache worker for journal cache (C:\Users\ghdrl\.gradle\caches\journal-1)" [_thread_blocked, id=18052, stack(0x000000c40e600000,0x000000c40e700000)]
  0x000002bc67232800 JavaThread "File lock request listener" [_thread_in_native, id=5248, stack(0x000000c40ea00000,0x000000c40eb00000)]
  0x000002bc67236000 JavaThread "Cache worker for file hash cache (C:\Users\ghdrl\.gradle\caches\7.2\fileHashes)" [_thread_blocked, id=21608, stack(0x000000c40eb00000,0x000000c40ec00000)]
  0x000002bc67235000 JavaThread "Cache worker for file hash cache (C:\Users\ghdrl\AndroidStudioProjects\MyApplication30\.gradle\7.2\fileHashes)" [_thread_blocked, id=22248, stack(0x000000c40f000000,0x000000c40f100000)]
  0x000002bc67230800 JavaThread "File watcher server" daemon [_thread_in_native, id=20256, stack(0x000000c40f100000,0x000000c40f200000)]
  0x000002bc67233800 JavaThread "File watcher consumer" daemon [_thread_blocked, id=22432, stack(0x000000c40f200000,0x000000c40f300000)]
  0x000002bc67232000 JavaThread "Cache worker for checksums cache (C:\Users\ghdrl\AndroidStudioProjects\MyApplication30\.gradle\checksums)" [_thread_blocked, id=22480, stack(0x000000c40f300000,0x000000c40f400000)]
  0x000002bc67237000 JavaThread "Cache worker for cache directory md-supplier (C:\Users\ghdrl\.gradle\caches\7.2\md-supplier)" [_thread_blocked, id=20896, stack(0x000000c40f400000,0x000000c40f500000)]
  0x000002bc6b2ef800 JavaThread "Cache worker for cache directory md-rule (C:\Users\ghdrl\.gradle\caches\7.2\md-rule)" [_thread_blocked, id=13380, stack(0x000000c40f600000,0x000000c40f700000)]
  0x000002bc6b2f3000 JavaThread "Cache worker for execution history cache (C:\Users\ghdrl\.gradle\caches\7.2\executionHistory)" [_thread_blocked, id=14820, stack(0x000000c40f700000,0x000000c40f800000)]
  0x000002bc6b2f0800 JavaThread "jar transforms" [_thread_blocked, id=18592, stack(0x000000c40f800000,0x000000c40f900000)]
  0x000002bc6b2f4800 JavaThread "Cache worker for file content cache (C:\Users\ghdrl\.gradle\caches\7.2\fileContent)" [_thread_blocked, id=20104, stack(0x000000c40f900000,0x000000c40fa00000)]
  0x000002bc6b2f6000 JavaThread "jar transforms Thread 2" [_thread_blocked, id=18760, stack(0x000000c40f500000,0x000000c40f600000)]
  0x000002bc6b2f7000 JavaThread "Cache worker for dependencies-accessors (C:\Users\ghdrl\AndroidStudioProjects\MyApplication30\.gradle\7.2\dependencies-accessors)" [_thread_blocked, id=7068, stack(0x000000c40fa00000,0x000000c40fb00000)]
  0x000002bc6b2f1000 JavaThread "jar transforms Thread 3" [_thread_blocked, id=4148, stack(0x000000c40fb00000,0x000000c40fc00000)]
  0x000002bc6b2fb000 JavaThread "Cache worker for Build Output Cleanup Cache (C:\Users\ghdrl\AndroidStudioProjects\MyApplication30\.gradle\buildOutputCleanup)" [_thread_blocked, id=18804, stack(0x000000c40fc00000,0x000000c40fd00000)]
  0x000002bc6b2fc800 JavaThread "Unconstrained build operations" [_thread_blocked, id=14552, stack(0x000000c40ef00000,0x000000c40f000000)]
  0x000002bc6b2f8800 JavaThread "Unconstrained build operations Thread 2" [_thread_blocked, id=2568, stack(0x000000c40fd00000,0x000000c40fe00000)]
  0x000002bc6b2f7800 JavaThread "Unconstrained build operations Thread 3" [_thread_blocked, id=11528, stack(0x000000c40fe00000,0x000000c40ff00000)]
  0x000002bc6b2fc000 JavaThread "Unconstrained build operations Thread 4" [_thread_blocked, id=21216, stack(0x000000c40ff00000,0x000000c410000000)]
  0x000002bc6b2f9800 JavaThread "Unconstrained build operations Thread 5" [_thread_blocked, id=22008, stack(0x000000c410000000,0x000000c410100000)]
  0x000002bc6b2fa000 JavaThread "Unconstrained build operations Thread 6" [_thread_blocked, id=18956, stack(0x000000c410100000,0x000000c410200000)]
  0x000002bc66ee3800 JavaThread "Unconstrained build operations Thread 7" [_thread_blocked, id=18880, stack(0x000000c410200000,0x000000c410300000)]
  0x000002bc66ee7000 JavaThread "Unconstrained build operations Thread 8" [_thread_blocked, id=536, stack(0x000000c410300000,0x000000c410400000)]
  0x000002bc66ee7800 JavaThread "Unconstrained build operations Thread 9" [_thread_blocked, id=8872, stack(0x000000c410400000,0x000000c410500000)]
  0x000002bc66ee4800 JavaThread "Unconstrained build operations Thread 10" [_thread_blocked, id=5012, stack(0x000000c410500000,0x000000c410600000)]
  0x000002bc66ee5000 JavaThread "Unconstrained build operations Thread 11" [_thread_blocked, id=17596, stack(0x000000c410600000,0x000000c410700000)]
  0x000002bc66ee6000 JavaThread "Unconstrained build operations Thread 12" [_thread_blocked, id=7912, stack(0x000000c410700000,0x000000c410800000)]
  0x000002bc66ee2000 JavaThread "Unconstrained build operations Thread 13" [_thread_blocked, id=4188, stack(0x000000c410800000,0x000000c410900000)]
  0x000002bc66ee8800 JavaThread "Unconstrained build operations Thread 14" [_thread_blocked, id=1736, stack(0x000000c410900000,0x000000c410a00000)]
  0x000002bc66ee2800 JavaThread "Unconstrained build operations Thread 15" [_thread_blocked, id=10976, stack(0x000000c410a00000,0x000000c410b00000)]
  0x000002bc66eeb800 JavaThread "Unconstrained build operations Thread 16" [_thread_blocked, id=19192, stack(0x000000c410b00000,0x000000c410c00000)]
  0x000002bc66eed800 JavaThread "Unconstrained build operations Thread 17" [_thread_blocked, id=21400, stack(0x000000c410c00000,0x000000c410d00000)]
  0x000002bc66ee9000 JavaThread "Unconstrained build operations Thread 18" [_thread_blocked, id=1296, stack(0x000000c410d00000,0x000000c410e00000)]
  0x000002bc66eeb000 JavaThread "Unconstrained build operations Thread 19" [_thread_blocked, id=22104, stack(0x000000c410e00000,0x000000c410f00000)]
  0x000002bc66ef0000 JavaThread "Unconstrained build operations Thread 20" [_thread_blocked, id=13224, stack(0x000000c410f00000,0x000000c411000000)]
  0x000002bc66eec800 JavaThread "Unconstrained build operations Thread 21" [_thread_blocked, id=7192, stack(0x000000c411000000,0x000000c411100000)]
  0x000002bc66eea000 JavaThread "Unconstrained build operations Thread 22" [_thread_blocked, id=22172, stack(0x000000c411100000,0x000000c411200000)]
  0x000002bc66eef000 JavaThread "Unconstrained build operations Thread 23" [_thread_blocked, id=4340, stack(0x000000c411200000,0x000000c411300000)]
  0x000002bc66ef0800 JavaThread "Unconstrained build operations Thread 24" [_thread_blocked, id=9500, stack(0x000000c411300000,0x000000c411400000)]
  0x000002bc66eee000 JavaThread "Unconstrained build operations Thread 25" [_thread_blocked, id=5692, stack(0x000000c411400000,0x000000c411500000)]
  0x000002bc6ada6800 JavaThread "Unconstrained build operations Thread 26" [_thread_blocked, id=18296, stack(0x000000c411500000,0x000000c411600000)]
  0x000002bc6ada2000 JavaThread "Unconstrained build operations Thread 27" [_thread_blocked, id=16776, stack(0x000000c411600000,0x000000c411700000)]
  0x000002bc6ada3000 JavaThread "Unconstrained build operations Thread 28" [_thread_blocked, id=17784, stack(0x000000c411700000,0x000000c411800000)]
  0x000002bc6ada9000 JavaThread "Unconstrained build operations Thread 29" [_thread_blocked, id=21644, stack(0x000000c411800000,0x000000c411900000)]
  0x000002bc6ada4800 JavaThread "Unconstrained build operations Thread 30" [_thread_blocked, id=4452, stack(0x000000c411900000,0x000000c411a00000)]
  0x000002bc6ada8000 JavaThread "Unconstrained build operations Thread 31" [_thread_blocked, id=19404, stack(0x000000c411a00000,0x000000c411b00000)]
  0x000002bc6ada5800 JavaThread "Unconstrained build operations Thread 32" [_thread_blocked, id=3276, stack(0x000000c411b00000,0x000000c411c00000)]
  0x000002bc6ada9800 JavaThread "Unconstrained build operations Thread 33" [_thread_blocked, id=12920, stack(0x000000c411c00000,0x000000c411d00000)]
  0x000002bc6ada7000 JavaThread "Unconstrained build operations Thread 34" [_thread_blocked, id=1284, stack(0x000000c411d00000,0x000000c411e00000)]
  0x000002bc6ada4000 JavaThread "Unconstrained build operations Thread 35" [_thread_blocked, id=13704, stack(0x000000c411e00000,0x000000c411f00000)]
  0x000002bc6adad000 JavaThread "Unconstrained build operations Thread 36" [_thread_blocked, id=13368, stack(0x000000c411f00000,0x000000c412000000)]
  0x000002bc6adaa800 JavaThread "Unconstrained build operations Thread 37" [_thread_blocked, id=16728, stack(0x000000c412000000,0x000000c412100000)]
  0x000002bc6adb0000 JavaThread "Unconstrained build operations Thread 38" [_thread_blocked, id=6592, stack(0x000000c412100000,0x000000c412200000)]
  0x000002bc6adac000 JavaThread "Unconstrained build operations Thread 39" [_thread_blocked, id=12072, stack(0x000000c412200000,0x000000c412300000)]
  0x000002bc6adae800 JavaThread "Unconstrained build operations Thread 40" [_thread_blocked, id=4196, stack(0x000000c412300000,0x000000c412400000)]
  0x000002bc6adb1000 JavaThread "Unconstrained build operations Thread 41" [_thread_blocked, id=7008, stack(0x000000c412400000,0x000000c412500000)]
  0x000002bc6adaf800 JavaThread "Unconstrained build operations Thread 42" [_thread_blocked, id=1664, stack(0x000000c412500000,0x000000c412600000)]
  0x000002bc6adad800 JavaThread "Unconstrained build operations Thread 43" [_thread_blocked, id=17452, stack(0x000000c412600000,0x000000c412700000)]
  0x000002bc6adab000 JavaThread "Unconstrained build operations Thread 44" [_thread_blocked, id=16200, stack(0x000000c412700000,0x000000c412800000)]
  0x000002bc66ebd000 JavaThread "Unconstrained build operations Thread 45" [_thread_blocked, id=21388, stack(0x000000c412800000,0x000000c412900000)]
  0x000002bc66ebc800 JavaThread "Unconstrained build operations Thread 46" [_thread_blocked, id=8684, stack(0x000000c412900000,0x000000c412a00000)]
  0x000002bc66ebf000 JavaThread "Unconstrained build operations Thread 47" [_thread_blocked, id=21996, stack(0x000000c412a00000,0x000000c412b00000)]
  0x000002bc66ebb800 JavaThread "Unconstrained build operations Thread 48" [_thread_blocked, id=7668, stack(0x000000c412b00000,0x000000c412c00000)]
  0x000002bc66ebe000 JavaThread "Unconstrained build operations Thread 49" [_thread_blocked, id=544, stack(0x000000c412c00000,0x000000c412d00000)]
  0x000002bc66ebf800 JavaThread "Unconstrained build operations Thread 50" [_thread_blocked, id=20204, stack(0x000000c412d00000,0x000000c412e00000)]
  0x000002bc66eba000 JavaThread "Unconstrained build operations Thread 51" [_thread_blocked, id=11200, stack(0x000000c412e00000,0x000000c412f00000)]
  0x000002bc66ec0800 JavaThread "Unconstrained build operations Thread 52" [_thread_blocked, id=8404, stack(0x000000c412f00000,0x000000c413000000)]
  0x000002bc66eba800 JavaThread "Unconstrained build operations Thread 53" [_thread_blocked, id=7760, stack(0x000000c413000000,0x000000c413100000)]
  0x000002bc66ec3000 JavaThread "Unconstrained build operations Thread 54" [_thread_blocked, id=8208, stack(0x000000c413100000,0x000000c413200000)]
  0x000002bc66ec4800 JavaThread "Unconstrained build operations Thread 55" [_thread_blocked, id=4248, stack(0x000000c413200000,0x000000c413300000)]
  0x000002bc66ec7000 JavaThread "Unconstrained build operations Thread 56" [_thread_blocked, id=21592, stack(0x000000c413300000,0x000000c413400000)]
  0x000002bc66ec3800 JavaThread "Unconstrained build operations Thread 57" [_thread_blocked, id=15880, stack(0x000000c413400000,0x000000c413500000)]
  0x000002bc66ec6000 JavaThread "Unconstrained build operations Thread 58" [_thread_blocked, id=12896, stack(0x000000c413500000,0x000000c413600000)]
  0x000002bc66ec1800 JavaThread "Unconstrained build operations Thread 59" [_thread_blocked, id=21440, stack(0x000000c413600000,0x000000c413700000)]
  0x000002bc66ec8000 JavaThread "Unconstrained build operations Thread 60" [_thread_blocked, id=6280, stack(0x000000c413700000,0x000000c413800000)]
  0x000002bc66ec5800 JavaThread "Unconstrained build operations Thread 61" [_thread_blocked, id=20012, stack(0x000000c413800000,0x000000c413900000)]
  0x000002bc66ec2000 JavaThread "Unconstrained build operations Thread 62" [_thread_blocked, id=16228, stack(0x000000c413900000,0x000000c413a00000)]
  0x000002bc66ec8800 JavaThread "Unconstrained build operations Thread 63" [_thread_blocked, id=7152, stack(0x000000c413a00000,0x000000c413b00000)]
  0x000002bc66a5e000 JavaThread "Unconstrained build operations Thread 64" [_thread_blocked, id=16096, stack(0x000000c413b00000,0x000000c413c00000)]
  0x000002bc66a62000 JavaThread "Unconstrained build operations Thread 65" [_thread_blocked, id=4524, stack(0x000000c413c00000,0x000000c413d00000)]
  0x000002bc66a63800 JavaThread "Unconstrained build operations Thread 66" [_thread_blocked, id=20320, stack(0x000000c413d00000,0x000000c413e00000)]
  0x000002bc66a5e800 JavaThread "Unconstrained build operations Thread 67" [_thread_blocked, id=256, stack(0x000000c413e00000,0x000000c413f00000)]
  0x000002bc66a5f800 JavaThread "Unconstrained build operations Thread 68" [_thread_blocked, id=14356, stack(0x000000c413f00000,0x000000c414000000)]
  0x000002bc66a64800 JavaThread "Unconstrained build operations Thread 69" [_thread_blocked, id=21236, stack(0x000000c414000000,0x000000c414100000)]
  0x000002bc66a60000 JavaThread "Unconstrained build operations Thread 70" [_thread_blocked, id=460, stack(0x000000c414100000,0x000000c414200000)]
  0x000002bc66a67000 JavaThread "Unconstrained build operations Thread 71" [_thread_blocked, id=6608, stack(0x000000c414200000,0x000000c414300000)]
  0x000002bc66a61000 JavaThread "Unconstrained build operations Thread 72" [_thread_blocked, id=17544, stack(0x000000c414300000,0x000000c414400000)]
  0x000002bc66a62800 JavaThread "Unconstrained build operations Thread 73" [_thread_blocked, id=14720, stack(0x000000c414400000,0x000000c414500000)]
  0x000002bc66a67800 JavaThread "Unconstrained build operations Thread 74" [_thread_blocked, id=912, stack(0x000000c414500000,0x000000c414600000)]
  0x000002bc66a69000 JavaThread "Unconstrained build operations Thread 75" [_thread_blocked, id=21928, stack(0x000000c414600000,0x000000c414700000)]
  0x000002bc66a6a000 JavaThread "Unconstrained build operations Thread 76" [_thread_blocked, id=14516, stack(0x000000c414700000,0x000000c414800000)]
  0x000002bc66a6b000 JavaThread "Unconstrained build operations Thread 77" [_thread_blocked, id=10620, stack(0x000000c414800000,0x000000c414900000)]
  0x000002bc66a65000 JavaThread "Unconstrained build operations Thread 78" [_thread_blocked, id=16388, stack(0x000000c414900000,0x000000c414a00000)]
  0x000002bc66a6b800 JavaThread "Unconstrained build operations Thread 79" [_thread_blocked, id=11244, stack(0x000000c414a00000,0x000000c414b00000)]
  0x000002bc66a66000 JavaThread "Unconstrained build operations Thread 80" [_thread_blocked, id=12180, stack(0x000000c414b00000,0x000000c414c00000)]
  0x000002bc66a68800 JavaThread "jar transforms Thread 4" [_thread_blocked, id=18420, stack(0x000000c414c00000,0x000000c414d00000)]
  0x000002bc66a6c800 JavaThread "jar transforms Thread 5" [_thread_blocked, id=7200, stack(0x000000c414d00000,0x000000c414e00000)]
  0x000002bc6667c000 JavaThread "jar transforms Thread 6" [_thread_blocked, id=20520, stack(0x000000c414e00000,0x000000c414f00000)]
  0x000002bc6667c800 JavaThread "jar transforms Thread 7" [_thread_blocked, id=18020, stack(0x000000c414f00000,0x000000c415000000)]
  0x000002bc66677800 JavaThread "jar transforms Thread 8" [_thread_blocked, id=20508, stack(0x000000c415000000,0x000000c415100000)]
  0x000002bc6abd4000 JavaThread "C2 CompilerThread1" daemon [_thread_in_native, id=22412, stack(0x000000c415100000,0x000000c415200000)]
  0x000002bc6a17a800 JavaThread "C2 CompilerThread2" daemon [_thread_in_native, id=4616, stack(0x000000c415200000,0x000000c415300000)]
  0x000002bc6667b000 JavaThread "Memory manager" [_thread_blocked, id=6132, stack(0x000000c415300000,0x000000c415400000)]
  0x000002bc6667e800 JavaThread "build event listener" [_thread_blocked, id=20856, stack(0x000000c415400000,0x000000c415500000)]
  0x000002bc6667d800 JavaThread "Execution worker for ':'" [_thread_blocked, id=4764, stack(0x000000c415500000,0x000000c415600000)]
  0x000002bc66678800 JavaThread "Execution worker for ':' Thread 2" [_thread_blocked, id=22324, stack(0x000000c415600000,0x000000c415700000)]
  0x000002bc66679800 JavaThread "Execution worker for ':' Thread 3" [_thread_blocked, id=18632, stack(0x000000c415700000,0x000000c415800000)]
  0x000002bc6667f000 JavaThread "Execution worker for ':' Thread 4" [_thread_blocked, id=9248, stack(0x000000c415800000,0x000000c415900000)]
  0x000002bc66680000 JavaThread "Execution worker for ':' Thread 5" [_thread_blocked, id=8704, stack(0x000000c415900000,0x000000c415a00000)]
  0x000002bc6667a000 JavaThread "Execution worker for ':' Thread 6" [_thread_blocked, id=6424, stack(0x000000c415a00000,0x000000c415b00000)]
  0x000002bc66684000 JavaThread "Execution worker for ':' Thread 7" [_thread_blocked, id=9408, stack(0x000000c415b00000,0x000000c415c00000)]
  0x000002bc66681800 JavaThread "Cache worker for execution history cache (C:\Users\ghdrl\AndroidStudioProjects\MyApplication30\.gradle\7.2\executionHistory)" [_thread_blocked, id=22520, stack(0x000000c415c00000,0x000000c415d00000)]

Other Threads:
  0x000002bc639bc000 VMThread "VM Thread" [stack: 0x000000c40cf00000,0x000000c40d000000] [id=21552]
  0x000002bc64410800 WatcherThread [stack: 0x000000c40d900000,0x000000c40da00000] [id=15228]
  0x000002bc49528800 GCTaskThread "GC Thread#0" [stack: 0x000000c40ca00000,0x000000c40cb00000] [id=14348]
  0x000002bc652b5800 GCTaskThread "GC Thread#1" [stack: 0x000000c40dc00000,0x000000c40dd00000] [id=13008]
  0x000002bc652d8800 GCTaskThread "GC Thread#2" [stack: 0x000000c40dd00000,0x000000c40de00000] [id=21752]
  0x000002bc652d9800 GCTaskThread "GC Thread#3" [stack: 0x000000c40de00000,0x000000c40df00000] [id=5200]
  0x000002bc6519a000 GCTaskThread "GC Thread#4" [stack: 0x000000c40df00000,0x000000c40e000000] [id=10644]
  0x000002bc6519b000 GCTaskThread "GC Thread#5" [stack: 0x000000c40e000000,0x000000c40e100000] [id=17764]
  0x000002bc649a6800 GCTaskThread "GC Thread#6" [stack: 0x000000c40ec00000,0x000000c40ed00000] [id=21812]
  0x000002bc667b9800 GCTaskThread "GC Thread#7" [stack: 0x000000c40ed00000,0x000000c40ee00000] [id=8920]
  0x000002bc4955b000 ConcurrentGCThread "G1 Main Marker" [stack: 0x000000c40cb00000,0x000000c40cc00000] [id=12396]
  0x000002bc4955d000 ConcurrentGCThread "G1 Conc#0" [stack: 0x000000c40cc00000,0x000000c40cd00000] [id=17420]
  0x000002bc65b06800 ConcurrentGCThread "G1 Conc#1" [stack: 0x000000c40ee00000,0x000000c40ef00000] [id=10200]
  0x000002bc63840800 ConcurrentGCThread "G1 Refine#0" [stack: 0x000000c40cd00000,0x000000c40ce00000] [id=19440]
  0x000002bc63844800 ConcurrentGCThread "G1 Young RemSet Sampling" [stack: 0x000000c40ce00000,0x000000c40cf00000] [id=6160]

Threads with active compile tasks:
C2 CompilerThread0  30191 9527   !   4       org.gradle.api.internal.attributes.DefaultImmutableAttributesFactory::doConcatIsolatable (128 bytes)
C1 CompilerThread0  30191 9633       3       com.google.common.cache.LocalCache$Segment::<init> (163 bytes)
C2 CompilerThread1  30191 9532   !   4       org.gradle.internal.serialize.kryo.StringDeduplicatingKryoBackedDecoder::readNullableString (110 bytes)
C2 CompilerThread2  30192 9611       4       org.gradle.internal.snapshot.ChildMap$Entry::handleAncestorDescendantOrExactMatch (110 bytes)

VM state:not at safepoint (normal execution)

VM Mutex/Monitor currently owned by a thread: None

Heap address: 0x0000000080000000, size: 2048 MB, Compressed Oops mode: 32-bit
Narrow klass base: 0x0000000000000000, Narrow klass shift: 3
Compressed class space size: 1073741824 Address: 0x0000000100000000

Heap:
 garbage-first heap   total 260096K, used 114800K [0x0000000080000000, 0x0000000100000000)
  region size 1024K, 59 young (60416K), 10 survivors (10240K)
 Metaspace       used 81238K, capacity 83317K, committed 83580K, reserved 1122304K
  class space    used 10617K, capacity 11424K, committed 11520K, reserved 1048576K
Heap Regions: E=young(eden), S=young(survivor), O=old, HS=humongous(starts), HC=humongous(continues), CS=collection set, F=free, A=archive, TAMS=top-at-mark-start (previous, next)
|   0|0x0000000080000000, 0x0000000080100000, 0x0000000080100000|100%| O|  |TAMS 0x0000000080100000, 0x0000000080000000| Untracked 
|   1|0x0000000080100000, 0x0000000080200000, 0x0000000080200000|100%| O|  |TAMS 0x0000000080200000, 0x0000000080100000| Untracked 
|   2|0x0000000080200000, 0x0000000080300000, 0x0000000080300000|100%| O|  |TAMS 0x0000000080300000, 0x0000000080200000| Untracked 
|   3|0x0000000080300000, 0x0000000080400000, 0x0000000080400000|100%|HS|  |TAMS 0x0000000080400000, 0x0000000080300000| Complete 
|   4|0x0000000080400000, 0x0000000080500000, 0x0000000080500000|100%|HC|  |TAMS 0x0000000080500000, 0x0000000080400000| Complete 
|   5|0x0000000080500000, 0x0000000080600000, 0x0000000080600000|100%|HC|  |TAMS 0x0000000080600000, 0x0000000080500000| Complete 
|   6|0x0000000080600000, 0x0000000080700000, 0x0000000080700000|100%| O|  |TAMS 0x0000000080700000, 0x0000000080600000| Untracked 
|   7|0x0000000080700000, 0x0000000080800000, 0x0000000080800000|100%| O|  |TAMS 0x0000000080800000, 0x0000000080700000| Untracked 
|   8|0x0000000080800000, 0x0000000080900000, 0x0000000080900000|100%| O|  |TAMS 0x0000000080900000, 0x0000000080800000| Untracked 
|   9|0x0000000080900000, 0x0000000080a00000, 0x0000000080a00000|100%| O|  |TAMS 0x0000000080a00000, 0x0000000080900000| Untracked 
|  10|0x0000000080a00000, 0x0000000080b00000, 0x0000000080b00000|100%| O|  |TAMS 0x0000000080b00000, 0x0000000080a00000| Untracked 
|  11|0x0000000080b00000, 0x0000000080c00000, 0x0000000080c00000|100%| O|  |TAMS 0x0000000080c00000, 0x0000000080b00000| Untracked 
|  12|0x0000000080c00000, 0x0000000080d00000, 0x0000000080d00000|100%| O|  |TAMS 0x0000000080d00000, 0x0000000080c00000| Untracked 
|  13|0x0000000080d00000, 0x0000000080e00000, 0x0000000080e00000|100%| O|  |TAMS 0x0000000080e00000, 0x0000000080d00000| Untracked 
|  14|0x0000000080e00000, 0x0000000080f00000, 0x0000000080f00000|100%| O|  |TAMS 0x0000000080f00000, 0x0000000080e00000| Untracked 
|  15|0x0000000080f00000, 0x0000000081000000, 0x0000000081000000|100%| O|  |TAMS 0x0000000081000000, 0x0000000080f00000| Untracked 
|  16|0x0000000081000000, 0x0000000081100000, 0x0000000081100000|100%| O|  |TAMS 0x0000000081100000, 0x0000000081000000| Untracked 
|  17|0x0000000081100000, 0x0000000081200000, 0x0000000081200000|100%|HS|  |TAMS 0x0000000081200000, 0x0000000081100000| Complete 
|  18|0x0000000081200000, 0x0000000081300000, 0x0000000081300000|100%|HS|  |TAMS 0x0000000081300000, 0x0000000081200000| Complete 
|  19|0x0000000081300000, 0x0000000081400000, 0x0000000081400000|100%|HS|  |TAMS 0x0000000081400000, 0x0000000081300000| Complete 
|  20|0x0000000081400000, 0x0000000081500000, 0x0000000081500000|100%|HS|  |TAMS 0x0000000081500000, 0x0000000081400000| Complete 
|  21|0x0000000081500000, 0x0000000081600000, 0x0000000081600000|100%|HC|  |TAMS 0x0000000081600000, 0x0000000081500000| Complete 
|  22|0x0000000081600000, 0x0000000081700000, 0x0000000081700000|100%| O|  |TAMS 0x0000000081700000, 0x0000000081600000| Untracked 
|  23|0x0000000081700000, 0x0000000081800000, 0x0000000081800000|100%| O|  |TAMS 0x0000000081800000, 0x0000000081700000| Untracked 
|  24|0x0000000081800000, 0x0000000081900000, 0x0000000081900000|100%| O|  |TAMS 0x0000000081900000, 0x0000000081800000| Untracked 
|  25|0x0000000081900000, 0x0000000081a00000, 0x0000000081a00000|100%| O|  |TAMS 0x0000000081a00000, 0x0000000081900000| Untracked 
|  26|0x0000000081a00000, 0x0000000081b00000, 0x0000000081b00000|100%| O|  |TAMS 0x0000000081b00000, 0x0000000081a00000| Untracked 
|  27|0x0000000081b00000, 0x0000000081c00000, 0x0000000081c00000|100%| O|  |TAMS 0x0000000081c00000, 0x0000000081b00000| Untracked 
|  28|0x0000000081c00000, 0x0000000081d00000, 0x0000000081d00000|100%| O|  |TAMS 0x0000000081d00000, 0x0000000081c00000| Untracked 
|  29|0x0000000081d00000, 0x0000000081e00000, 0x0000000081e00000|100%| O|  |TAMS 0x0000000081e00000, 0x0000000081d00000| Untracked 
|  30|0x0000000081e00000, 0x0000000081f00000, 0x0000000081f00000|100%| O|  |TAMS 0x0000000081f00000, 0x0000000081e00000| Untracked 
|  31|0x0000000081f00000, 0x0000000082000000, 0x0000000082000000|100%| O|  |TAMS 0x0000000082000000, 0x0000000081f00000| Untracked 
|  32|0x0000000082000000, 0x0000000082100000, 0x0000000082100000|100%| O|  |TAMS 0x0000000082100000, 0x0000000082000000| Untracked 
|  33|0x0000000082100000, 0x0000000082200000, 0x0000000082200000|100%| O|  |TAMS 0x0000000082200000, 0x0000000082100000| Untracked 
|  34|0x0000000082200000, 0x0000000082300000, 0x0000000082300000|100%| O|  |TAMS 0x0000000082300000, 0x0000000082200000| Untracked 
|  35|0x0000000082300000, 0x0000000082400000, 0x0000000082400000|100%| O|  |TAMS 0x0000000082400000, 0x0000000082300000| Untracked 
|  36|0x0000000082400000, 0x0000000082500000, 0x0000000082500000|100%| O|  |TAMS 0x0000000082500000, 0x0000000082400000| Untracked 
|  37|0x0000000082500000, 0x0000000082600000, 0x0000000082600000|100%| O|  |TAMS 0x0000000082600000, 0x0000000082500000| Untracked 
|  38|0x0000000082600000, 0x0000000082700000, 0x0000000082700000|100%| O|  |TAMS 0x0000000082700000, 0x0000000082600000| Untracked 
|  39|0x0000000082700000, 0x0000000082800000, 0x0000000082800000|100%| O|  |TAMS 0x0000000082800000, 0x0000000082700000| Untracked 
|  40|0x0000000082800000, 0x0000000082900000, 0x0000000082900000|100%| O|  |TAMS 0x0000000082900000, 0x0000000082800000| Untracked 
|  41|0x0000000082900000, 0x0000000082a00000, 0x0000000082a00000|100%| O|  |TAMS 0x0000000082a00000, 0x0000000082900000| Untracked 
|  42|0x0000000082a00000, 0x0000000082b00000, 0x0000000082b00000|100%| O|  |TAMS 0x0000000082b00000, 0x0000000082a00000| Untracked 
|  43|0x0000000082b00000, 0x0000000082c00000, 0x0000000082c00000|100%| O|  |TAMS 0x0000000082c00000, 0x0000000082b00000| Untracked 
|  44|0x0000000082c00000, 0x0000000082d00000, 0x0000000082d00000|100%| O|  |TAMS 0x0000000082c31200, 0x0000000082c00000| Untracked 
|  45|0x0000000082d00000, 0x0000000082e00000, 0x0000000082e00000|100%| O|  |TAMS 0x0000000082d00000, 0x0000000082d00000| Untracked 
|  46|0x0000000082e00000, 0x0000000082f00000, 0x0000000082f00000|100%| O|  |TAMS 0x0000000082e00000, 0x0000000082e00000| Untracked 
|  47|0x0000000082f00000, 0x0000000083000000, 0x0000000083000000|100%| O|  |TAMS 0x0000000082f00000, 0x0000000082f00000| Untracked 
|  48|0x0000000083000000, 0x0000000083100000, 0x0000000083100000|100%| O|  |TAMS 0x0000000083000000, 0x0000000083000000| Untracked 
|  49|0x0000000083100000, 0x0000000083200000, 0x0000000083200000|100%| O|  |TAMS 0x0000000083100000, 0x0000000083100000| Untracked 
|  50|0x0000000083200000, 0x0000000083300000, 0x0000000083300000|100%| O|  |TAMS 0x0000000083200000, 0x0000000083200000| Untracked 
|  51|0x0000000083300000, 0x0000000083400000, 0x0000000083400000|100%| O|  |TAMS 0x0000000083300000, 0x0000000083300000| Untracked 
|  52|0x0000000083400000, 0x0000000083500000, 0x0000000083500000|100%| O|  |TAMS 0x0000000083400000, 0x0000000083400000| Untracked 
|  53|0x0000000083500000, 0x0000000083600000, 0x0000000083600000|100%| O|  |TAMS 0x0000000083500000, 0x0000000083500000| Untracked 
|  54|0x0000000083600000, 0x0000000083700000, 0x0000000083700000|100%| O|  |TAMS 0x0000000083600000, 0x0000000083600000| Untracked 
|  55|0x0000000083700000, 0x000000008376ce00, 0x0000000083800000| 42%| O|  |TAMS 0x0000000083700000, 0x0000000083700000| Untracked 
|  56|0x0000000083800000, 0x0000000083800000, 0x0000000083900000|  0%| F|  |TAMS 0x0000000083800000, 0x0000000083800000| Untracked 
|  57|0x0000000083900000, 0x0000000083900000, 0x0000000083a00000|  0%| F|  |TAMS 0x0000000083900000, 0x0000000083900000| Untracked 
|  58|0x0000000083a00000, 0x0000000083a00000, 0x0000000083b00000|  0%| F|  |TAMS 0x0000000083a00000, 0x0000000083a00000| Untracked 
|  59|0x0000000083b00000, 0x0000000083b00000, 0x0000000083c00000|  0%| F|  |TAMS 0x0000000083b00000, 0x0000000083b00000| Untracked 
|  60|0x0000000083c00000, 0x0000000083c00000, 0x0000000083d00000|  0%| F|  |TAMS 0x0000000083c00000, 0x0000000083c00000| Untracked 
|  61|0x0000000083d00000, 0x0000000083d00000, 0x0000000083e00000|  0%| F|  |TAMS 0x0000000083d00000, 0x0000000083d00000| Untracked 
|  62|0x0000000083e00000, 0x0000000083e00000, 0x0000000083f00000|  0%| F|  |TAMS 0x0000000083e00000, 0x0000000083e00000| Untracked 
|  63|0x0000000083f00000, 0x0000000083f00000, 0x0000000084000000|  0%| F|  |TAMS 0x0000000083f00000, 0x0000000083f00000| Untracked 
|  64|0x0000000084000000, 0x0000000084000000, 0x0000000084100000|  0%| F|  |TAMS 0x0000000084000000, 0x0000000084000000| Untracked 
|  65|0x0000000084100000, 0x0000000084100000, 0x0000000084200000|  0%| F|  |TAMS 0x0000000084100000, 0x0000000084100000| Untracked 
|  66|0x0000000084200000, 0x0000000084200000, 0x0000000084300000|  0%| F|  |TAMS 0x0000000084200000, 0x0000000084200000| Untracked 
|  67|0x0000000084300000, 0x0000000084300000, 0x0000000084400000|  0%| F|  |TAMS 0x0000000084300000, 0x0000000084300000| Untracked 
|  68|0x0000000084400000, 0x0000000084400000, 0x0000000084500000|  0%| F|  |TAMS 0x0000000084400000, 0x0000000084400000| Untracked 
|  69|0x0000000084500000, 0x0000000084500000, 0x0000000084600000|  0%| F|  |TAMS 0x0000000084500000, 0x0000000084500000| Untracked 
|  70|0x0000000084600000, 0x0000000084600000, 0x0000000084700000|  0%| F|  |TAMS 0x0000000084600000, 0x0000000084600000| Untracked 
|  71|0x0000000084700000, 0x0000000084700000, 0x0000000084800000|  0%| F|  |TAMS 0x0000000084700000, 0x0000000084700000| Untracked 
|  72|0x0000000084800000, 0x0000000084800000, 0x0000000084900000|  0%| F|  |TAMS 0x0000000084800000, 0x0000000084800000| Untracked 
|  73|0x0000000084900000, 0x0000000084900000, 0x0000000084a00000|  0%| F|  |TAMS 0x0000000084900000, 0x0000000084900000| Untracked 
|  74|0x0000000084a00000, 0x0000000084a00000, 0x0000000084b00000|  0%| F|  |TAMS 0x0000000084a00000, 0x0000000084a00000| Untracked 
|  75|0x0000000084b00000, 0x0000000084b00000, 0x0000000084c00000|  0%| F|  |TAMS 0x0000000084b00000, 0x0000000084b00000| Untracked 
|  76|0x0000000084c00000, 0x0000000084c00000, 0x0000000084d00000|  0%| F|  |TAMS 0x0000000084c00000, 0x0000000084c00000| Untracked 
|  77|0x0000000084d00000, 0x0000000084d00000, 0x0000000084e00000|  0%| F|  |TAMS 0x0000000084d00000, 0x0000000084d00000| Untracked 
|  78|0x0000000084e00000, 0x0000000084e00000, 0x0000000084f00000|  0%| F|  |TAMS 0x0000000084e00000, 0x0000000084e00000| Untracked 
|  79|0x0000000084f00000, 0x0000000084f00000, 0x0000000085000000|  0%| F|  |TAMS 0x0000000084f00000, 0x0000000084f00000| Untracked 
|  80|0x0000000085000000, 0x0000000085000000, 0x0000000085100000|  0%| F|  |TAMS 0x0000000085000000, 0x0000000085000000| Untracked 
|  81|0x0000000085100000, 0x0000000085100000, 0x0000000085200000|  0%| F|  |TAMS 0x0000000085100000, 0x0000000085100000| Untracked 
|  82|0x0000000085200000, 0x0000000085200000, 0x0000000085300000|  0%| F|  |TAMS 0x0000000085200000, 0x0000000085200000| Untracked 
|  83|0x0000000085300000, 0x0000000085300000, 0x0000000085400000|  0%| F|  |TAMS 0x0000000085300000, 0x0000000085300000| Untracked 
|  84|0x0000000085400000, 0x0000000085400000, 0x0000000085500000|  0%| F|  |TAMS 0x0000000085400000, 0x0000000085400000| Untracked 
|  85|0x0000000085500000, 0x0000000085500000, 0x0000000085600000|  0%| F|  |TAMS 0x0000000085500000, 0x0000000085500000| Untracked 
|  86|0x0000000085600000, 0x0000000085600000, 0x0000000085700000|  0%| F|  |TAMS 0x0000000085600000, 0x0000000085600000| Untracked 
|  87|0x0000000085700000, 0x0000000085700000, 0x0000000085800000|  0%| F|  |TAMS 0x0000000085700000, 0x0000000085700000| Untracked 
|  88|0x0000000085800000, 0x0000000085800000, 0x0000000085900000|  0%| F|  |TAMS 0x0000000085800000, 0x0000000085800000| Untracked 
|  89|0x0000000085900000, 0x0000000085900000, 0x0000000085a00000|  0%| F|  |TAMS 0x0000000085900000, 0x0000000085900000| Untracked 
|  90|0x0000000085a00000, 0x0000000085a00000, 0x0000000085b00000|  0%| F|  |TAMS 0x0000000085a00000, 0x0000000085a00000| Untracked 
|  91|0x0000000085b00000, 0x0000000085b00000, 0x0000000085c00000|  0%| F|  |TAMS 0x0000000085b00000, 0x0000000085b00000| Untracked 
|  92|0x0000000085c00000, 0x0000000085c00000, 0x0000000085d00000|  0%| F|  |TAMS 0x0000000085c00000, 0x0000000085c00000| Untracked 
|  93|0x0000000085d00000, 0x0000000085d00000, 0x0000000085e00000|  0%| F|  |TAMS 0x0000000085d00000, 0x0000000085d00000| Untracked 
|  94|0x0000000085e00000, 0x0000000085e00000, 0x0000000085f00000|  0%| F|  |TAMS 0x0000000085e00000, 0x0000000085e00000| Untracked 
|  95|0x0000000085f00000, 0x0000000085f00000, 0x0000000086000000|  0%| F|  |TAMS 0x0000000085f00000, 0x0000000085f00000| Untracked 
|  96|0x0000000086000000, 0x0000000086000000, 0x0000000086100000|  0%| F|  |TAMS 0x0000000086000000, 0x0000000086000000| Untracked 
|  97|0x0000000086100000, 0x0000000086100000, 0x0000000086200000|  0%| F|  |TAMS 0x0000000086100000, 0x0000000086100000| Untracked 
|  98|0x0000000086200000, 0x0000000086200000, 0x0000000086300000|  0%| F|  |TAMS 0x0000000086200000, 0x0000000086200000| Untracked 
|  99|0x0000000086300000, 0x0000000086300000, 0x0000000086400000|  0%| F|  |TAMS 0x0000000086300000, 0x0000000086300000| Untracked 
| 100|0x0000000086400000, 0x0000000086400000, 0x0000000086500000|  0%| F|  |TAMS 0x0000000086400000, 0x0000000086400000| Untracked 
| 101|0x0000000086500000, 0x0000000086500000, 0x0000000086600000|  0%| F|  |TAMS 0x0000000086500000, 0x0000000086500000| Untracked 
| 102|0x0000000086600000, 0x0000000086600000, 0x0000000086700000|  0%| F|  |TAMS 0x0000000086600000, 0x0000000086600000| Untracked 
| 103|0x0000000086700000, 0x0000000086700000, 0x0000000086800000|  0%| F|  |TAMS 0x0000000086700000, 0x0000000086700000| Untracked 
| 104|0x0000000086800000, 0x00000000868af440, 0x0000000086900000| 68%| S|CS|TAMS 0x0000000086800000, 0x0000000086800000| Complete 
| 105|0x0000000086900000, 0x0000000086a00000, 0x0000000086a00000|100%| S|CS|TAMS 0x0000000086900000, 0x0000000086900000| Complete 
| 106|0x0000000086a00000, 0x0000000086b00000, 0x0000000086b00000|100%| S|CS|TAMS 0x0000000086a00000, 0x0000000086a00000| Complete 
| 107|0x0000000086b00000, 0x0000000086c00000, 0x0000000086c00000|100%| S|CS|TAMS 0x0000000086b00000, 0x0000000086b00000| Complete 
| 108|0x0000000086c00000, 0x0000000086d00000, 0x0000000086d00000|100%| S|CS|TAMS 0x0000000086c00000, 0x0000000086c00000| Complete 
| 109|0x0000000086d00000, 0x0000000086e00000, 0x0000000086e00000|100%| S|CS|TAMS 0x0000000086d00000, 0x0000000086d00000| Complete 
| 110|0x0000000086e00000, 0x0000000086f00000, 0x0000000086f00000|100%| S|CS|TAMS 0x0000000086e00000, 0x0000000086e00000| Complete 
| 111|0x0000000086f00000, 0x0000000087000000, 0x0000000087000000|100%| S|CS|TAMS 0x0000000086f00000, 0x0000000086f00000| Complete 
| 112|0x0000000087000000, 0x0000000087100000, 0x0000000087100000|100%| S|CS|TAMS 0x0000000087000000, 0x0000000087000000| Complete 
| 113|0x0000000087100000, 0x0000000087200000, 0x0000000087200000|100%| S|CS|TAMS 0x0000000087100000, 0x0000000087100000| Complete 
| 114|0x0000000087200000, 0x0000000087200000, 0x0000000087300000|  0%| F|  |TAMS 0x0000000087200000, 0x0000000087200000| Untracked 
| 115|0x0000000087300000, 0x0000000087300000, 0x0000000087400000|  0%| F|  |TAMS 0x0000000087300000, 0x0000000087300000| Untracked 
| 116|0x0000000087400000, 0x0000000087400000, 0x0000000087500000|  0%| F|  |TAMS 0x0000000087400000, 0x0000000087400000| Untracked 
| 117|0x0000000087500000, 0x0000000087500000, 0x0000000087600000|  0%| F|  |TAMS 0x0000000087500000, 0x0000000087500000| Untracked 
| 118|0x0000000087600000, 0x0000000087600000, 0x0000000087700000|  0%| F|  |TAMS 0x0000000087600000, 0x0000000087600000| Untracked 
| 119|0x0000000087700000, 0x0000000087700000, 0x0000000087800000|  0%| F|  |TAMS 0x0000000087700000, 0x0000000087700000| Untracked 
| 120|0x0000000087800000, 0x0000000087800000, 0x0000000087900000|  0%| F|  |TAMS 0x0000000087800000, 0x0000000087800000| Untracked 
| 121|0x0000000087900000, 0x0000000087900000, 0x0000000087a00000|  0%| F|  |TAMS 0x0000000087900000, 0x0000000087900000| Untracked 
| 122|0x0000000087a00000, 0x0000000087a00000, 0x0000000087b00000|  0%| F|  |TAMS 0x0000000087a00000, 0x0000000087a00000| Untracked 
| 123|0x0000000087b00000, 0x0000000087b00000, 0x0000000087c00000|  0%| F|  |TAMS 0x0000000087b00000, 0x0000000087b00000| Untracked 
| 124|0x0000000087c00000, 0x0000000087c00000, 0x0000000087d00000|  0%| F|  |TAMS 0x0000000087c00000, 0x0000000087c00000| Untracked 
| 125|0x0000000087d00000, 0x0000000087d00000, 0x0000000087e00000|  0%| F|  |TAMS 0x0000000087d00000, 0x0000000087d00000| Untracked 
| 126|0x0000000087e00000, 0x0000000087e00000, 0x0000000087f00000|  0%| F|  |TAMS 0x0000000087e00000, 0x0000000087e00000| Untracked 
| 127|0x0000000087f00000, 0x0000000087f00000, 0x0000000088000000|  0%| F|  |TAMS 0x0000000087f00000, 0x0000000087f00000| Untracked 
| 128|0x0000000088000000, 0x0000000088000000, 0x0000000088100000|  0%| F|  |TAMS 0x0000000088000000, 0x0000000088000000| Untracked 
| 129|0x0000000088100000, 0x0000000088100000, 0x0000000088200000|  0%| F|  |TAMS 0x0000000088100000, 0x0000000088100000| Untracked 
| 130|0x0000000088200000, 0x0000000088200000, 0x0000000088300000|  0%| F|  |TAMS 0x0000000088200000, 0x0000000088200000| Untracked 
| 131|0x0000000088300000, 0x0000000088300000, 0x0000000088400000|  0%| F|  |TAMS 0x0000000088300000, 0x0000000088300000| Untracked 
| 132|0x0000000088400000, 0x0000000088400000, 0x0000000088500000|  0%| F|  |TAMS 0x0000000088400000, 0x0000000088400000| Untracked 
| 133|0x0000000088500000, 0x0000000088500000, 0x0000000088600000|  0%| F|  |TAMS 0x0000000088500000, 0x0000000088500000| Untracked 
| 134|0x0000000088600000, 0x0000000088600000, 0x0000000088700000|  0%| F|  |TAMS 0x0000000088600000, 0x0000000088600000| Untracked 
| 135|0x0000000088700000, 0x0000000088700000, 0x0000000088800000|  0%| F|  |TAMS 0x0000000088700000, 0x0000000088700000| Untracked 
| 136|0x0000000088800000, 0x0000000088800000, 0x0000000088900000|  0%| F|  |TAMS 0x0000000088800000, 0x0000000088800000| Untracked 
| 137|0x0000000088900000, 0x0000000088900000, 0x0000000088a00000|  0%| F|  |TAMS 0x0000000088900000, 0x0000000088900000| Untracked 
| 138|0x0000000088a00000, 0x0000000088a00000, 0x0000000088b00000|  0%| F|  |TAMS 0x0000000088a00000, 0x0000000088a00000| Untracked 
| 139|0x0000000088b00000, 0x0000000088b00000, 0x0000000088c00000|  0%| F|  |TAMS 0x0000000088b00000, 0x0000000088b00000| Untracked 
| 140|0x0000000088c00000, 0x0000000088c00000, 0x0000000088d00000|  0%| F|  |TAMS 0x0000000088c00000, 0x0000000088c00000| Untracked 
| 141|0x0000000088d00000, 0x0000000088d00000, 0x0000000088e00000|  0%| F|  |TAMS 0x0000000088d00000, 0x0000000088d00000| Untracked 
| 142|0x0000000088e00000, 0x0000000088e00000, 0x0000000088f00000|  0%| F|  |TAMS 0x0000000088e00000, 0x0000000088e00000| Untracked 
| 143|0x0000000088f00000, 0x0000000088f00000, 0x0000000089000000|  0%| F|  |TAMS 0x0000000088f00000, 0x0000000088f00000| Untracked 
| 144|0x0000000089000000, 0x0000000089000000, 0x0000000089100000|  0%| F|  |TAMS 0x0000000089000000, 0x0000000089000000| Untracked 
| 145|0x0000000089100000, 0x0000000089100000, 0x0000000089200000|  0%| F|  |TAMS 0x0000000089100000, 0x0000000089100000| Untracked 
| 146|0x0000000089200000, 0x0000000089200000, 0x0000000089300000|  0%| F|  |TAMS 0x0000000089200000, 0x0000000089200000| Untracked 
| 147|0x0000000089300000, 0x0000000089300000, 0x0000000089400000|  0%| F|  |TAMS 0x0000000089300000, 0x0000000089300000| Untracked 
| 148|0x0000000089400000, 0x0000000089400000, 0x0000000089500000|  0%| F|  |TAMS 0x0000000089400000, 0x0000000089400000| Untracked 
| 149|0x0000000089500000, 0x0000000089500000, 0x0000000089600000|  0%| F|  |TAMS 0x0000000089500000, 0x0000000089500000| Untracked 
| 150|0x0000000089600000, 0x0000000089600000, 0x0000000089700000|  0%| F|  |TAMS 0x0000000089600000, 0x0000000089600000| Untracked 
| 151|0x0000000089700000, 0x0000000089700000, 0x0000000089800000|  0%| F|  |TAMS 0x0000000089700000, 0x0000000089700000| Untracked 
| 152|0x0000000089800000, 0x0000000089800000, 0x0000000089900000|  0%| F|  |TAMS 0x0000000089800000, 0x0000000089800000| Untracked 
| 153|0x0000000089900000, 0x0000000089900000, 0x0000000089a00000|  0%| F|  |TAMS 0x0000000089900000, 0x0000000089900000| Untracked 
| 154|0x0000000089a00000, 0x0000000089a00000, 0x0000000089b00000|  0%| F|  |TAMS 0x0000000089a00000, 0x0000000089a00000| Untracked 
| 155|0x0000000089b00000, 0x0000000089b00000, 0x0000000089c00000|  0%| F|  |TAMS 0x0000000089b00000, 0x0000000089b00000| Untracked 
| 156|0x0000000089c00000, 0x0000000089c00000, 0x0000000089d00000|  0%| F|  |TAMS 0x0000000089c00000, 0x0000000089c00000| Untracked 
| 157|0x0000000089d00000, 0x0000000089d00000, 0x0000000089e00000|  0%| F|  |TAMS 0x0000000089d00000, 0x0000000089d00000| Untracked 
| 158|0x0000000089e00000, 0x0000000089e00000, 0x0000000089f00000|  0%| F|  |TAMS 0x0000000089e00000, 0x0000000089e00000| Untracked 
| 159|0x0000000089f00000, 0x0000000089f00000, 0x000000008a000000|  0%| F|  |TAMS 0x0000000089f00000, 0x0000000089f00000| Untracked 
| 160|0x000000008a000000, 0x000000008a000000, 0x000000008a100000|  0%| F|  |TAMS 0x000000008a000000, 0x000000008a000000| Untracked 
| 161|0x000000008a100000, 0x000000008a100000, 0x000000008a200000|  0%| F|  |TAMS 0x000000008a100000, 0x000000008a100000| Untracked 
| 162|0x000000008a200000, 0x000000008a200000, 0x000000008a300000|  0%| F|  |TAMS 0x000000008a200000, 0x000000008a200000| Untracked 
| 163|0x000000008a300000, 0x000000008a300000, 0x000000008a400000|  0%| F|  |TAMS 0x000000008a300000, 0x000000008a300000| Untracked 
| 164|0x000000008a400000, 0x000000008a400000, 0x000000008a500000|  0%| F|  |TAMS 0x000000008a400000, 0x000000008a400000| Untracked 
| 165|0x000000008a500000, 0x000000008a500000, 0x000000008a600000|  0%| F|  |TAMS 0x000000008a500000, 0x000000008a500000| Untracked 
| 166|0x000000008a600000, 0x000000008a600000, 0x000000008a700000|  0%| F|  |TAMS 0x000000008a600000, 0x000000008a600000| Untracked 
| 167|0x000000008a700000, 0x000000008a700000, 0x000000008a800000|  0%| F|  |TAMS 0x000000008a700000, 0x000000008a700000| Untracked 
| 168|0x000000008a800000, 0x000000008a800000, 0x000000008a900000|  0%| F|  |TAMS 0x000000008a800000, 0x000000008a800000| Untracked 
| 169|0x000000008a900000, 0x000000008a900000, 0x000000008aa00000|  0%| F|  |TAMS 0x000000008a900000, 0x000000008a900000| Untracked 
| 170|0x000000008aa00000, 0x000000008aa00000, 0x000000008ab00000|  0%| F|  |TAMS 0x000000008aa00000, 0x000000008aa00000| Untracked 
| 171|0x000000008ab00000, 0x000000008ab00000, 0x000000008ac00000|  0%| F|  |TAMS 0x000000008ab00000, 0x000000008ab00000| Untracked 
| 172|0x000000008ac00000, 0x000000008ac00000, 0x000000008ad00000|  0%| F|  |TAMS 0x000000008ac00000, 0x000000008ac00000| Untracked 
| 173|0x000000008ad00000, 0x000000008ad00000, 0x000000008ae00000|  0%| F|  |TAMS 0x000000008ad00000, 0x000000008ad00000| Untracked 
| 174|0x000000008ae00000, 0x000000008ae00000, 0x000000008af00000|  0%| F|  |TAMS 0x000000008ae00000, 0x000000008ae00000| Untracked 
| 175|0x000000008af00000, 0x000000008af00000, 0x000000008b000000|  0%| F|  |TAMS 0x000000008af00000, 0x000000008af00000| Untracked 
| 176|0x000000008b000000, 0x000000008b000000, 0x000000008b100000|  0%| F|  |TAMS 0x000000008b000000, 0x000000008b000000| Untracked 
| 177|0x000000008b100000, 0x000000008b100000, 0x000000008b200000|  0%| F|  |TAMS 0x000000008b100000, 0x000000008b100000| Untracked 
| 178|0x000000008b200000, 0x000000008b200000, 0x000000008b300000|  0%| F|  |TAMS 0x000000008b200000, 0x000000008b200000| Untracked 
| 179|0x000000008b300000, 0x000000008b300000, 0x000000008b400000|  0%| F|  |TAMS 0x000000008b300000, 0x000000008b300000| Untracked 
| 180|0x000000008b400000, 0x000000008b400000, 0x000000008b500000|  0%| F|  |TAMS 0x000000008b400000, 0x000000008b400000| Untracked 
| 181|0x000000008b500000, 0x000000008b500000, 0x000000008b600000|  0%| F|  |TAMS 0x000000008b500000, 0x000000008b500000| Untracked 
| 182|0x000000008b600000, 0x000000008b600000, 0x000000008b700000|  0%| F|  |TAMS 0x000000008b600000, 0x000000008b600000| Untracked 
| 183|0x000000008b700000, 0x000000008b700000, 0x000000008b800000|  0%| F|  |TAMS 0x000000008b700000, 0x000000008b700000| Untracked 
| 184|0x000000008b800000, 0x000000008b800000, 0x000000008b900000|  0%| F|  |TAMS 0x000000008b800000, 0x000000008b800000| Untracked 
| 185|0x000000008b900000, 0x000000008b900000, 0x000000008ba00000|  0%| F|  |TAMS 0x000000008b900000, 0x000000008b900000| Untracked 
| 186|0x000000008ba00000, 0x000000008ba00000, 0x000000008bb00000|  0%| F|  |TAMS 0x000000008ba00000, 0x000000008ba00000| Untracked 
| 187|0x000000008bb00000, 0x000000008bb00000, 0x000000008bc00000|  0%| F|  |TAMS 0x000000008bb00000, 0x000000008bb00000| Untracked 
| 188|0x000000008bc00000, 0x000000008bc00000, 0x000000008bd00000|  0%| F|  |TAMS 0x000000008bc00000, 0x000000008bc00000| Untracked 
| 189|0x000000008bd00000, 0x000000008bd00000, 0x000000008be00000|  0%| F|  |TAMS 0x000000008bd00000, 0x000000008bd00000| Untracked 
| 190|0x000000008be00000, 0x000000008be00000, 0x000000008bf00000|  0%| F|  |TAMS 0x000000008be00000, 0x000000008be00000| Untracked 
| 191|0x000000008bf00000, 0x000000008bf00000, 0x000000008c000000|  0%| F|  |TAMS 0x000000008bf00000, 0x000000008bf00000| Untracked 
| 192|0x000000008c000000, 0x000000008c000000, 0x000000008c100000|  0%| F|  |TAMS 0x000000008c000000, 0x000000008c000000| Untracked 
| 193|0x000000008c100000, 0x000000008c100000, 0x000000008c200000|  0%| F|  |TAMS 0x000000008c100000, 0x000000008c100000| Untracked 
| 194|0x000000008c200000, 0x000000008c200000, 0x000000008c300000|  0%| F|  |TAMS 0x000000008c200000, 0x000000008c200000| Untracked 
| 195|0x000000008c300000, 0x000000008c300000, 0x000000008c400000|  0%| F|  |TAMS 0x000000008c300000, 0x000000008c300000| Untracked 
| 196|0x000000008c400000, 0x000000008c400000, 0x000000008c500000|  0%| F|  |TAMS 0x000000008c400000, 0x000000008c400000| Untracked 
| 197|0x000000008c500000, 0x000000008c500000, 0x000000008c600000|  0%| F|  |TAMS 0x000000008c500000, 0x000000008c500000| Untracked 
| 198|0x000000008c600000, 0x000000008c600000, 0x000000008c700000|  0%| F|  |TAMS 0x000000008c600000, 0x000000008c600000| Untracked 
| 199|0x000000008c700000, 0x000000008c700000, 0x000000008c800000|  0%| F|  |TAMS 0x000000008c700000, 0x000000008c700000| Untracked 
| 200|0x000000008c800000, 0x000000008c800000, 0x000000008c900000|  0%| F|  |TAMS 0x000000008c800000, 0x000000008c800000| Untracked 
| 201|0x000000008c900000, 0x000000008c900000, 0x000000008ca00000|  0%| F|  |TAMS 0x000000008c900000, 0x000000008c900000| Untracked 
| 202|0x000000008ca00000, 0x000000008ca00000, 0x000000008cb00000|  0%| F|  |TAMS 0x000000008ca00000, 0x000000008ca00000| Untracked 
| 203|0x000000008cb00000, 0x000000008cb7a9f0, 0x000000008cc00000| 47%| E|  |TAMS 0x000000008cb00000, 0x000000008cb00000| Complete 
| 204|0x000000008cc00000, 0x000000008cd00000, 0x000000008cd00000|100%| E|CS|TAMS 0x000000008cc00000, 0x000000008cc00000| Complete 
| 205|0x000000008cd00000, 0x000000008ce00000, 0x000000008ce00000|100%| E|CS|TAMS 0x000000008cd00000, 0x000000008cd00000| Complete 
| 206|0x000000008ce00000, 0x000000008cf00000, 0x000000008cf00000|100%| E|CS|TAMS 0x000000008ce00000, 0x000000008ce00000| Complete 
| 207|0x000000008cf00000, 0x000000008d000000, 0x000000008d000000|100%| E|CS|TAMS 0x000000008cf00000, 0x000000008cf00000| Complete 
| 208|0x000000008d000000, 0x000000008d100000, 0x000000008d100000|100%| E|CS|TAMS 0x000000008d000000, 0x000000008d000000| Complete 
| 209|0x000000008d100000, 0x000000008d200000, 0x000000008d200000|100%| E|CS|TAMS 0x000000008d100000, 0x000000008d100000| Complete 
| 210|0x000000008d200000, 0x000000008d300000, 0x000000008d300000|100%| E|CS|TAMS 0x000000008d200000, 0x000000008d200000| Complete 
| 211|0x000000008d300000, 0x000000008d400000, 0x000000008d400000|100%| E|CS|TAMS 0x000000008d300000, 0x000000008d300000| Complete 
| 212|0x000000008d400000, 0x000000008d500000, 0x000000008d500000|100%| E|CS|TAMS 0x000000008d400000, 0x000000008d400000| Complete 
| 213|0x000000008d500000, 0x000000008d600000, 0x000000008d600000|100%| E|CS|TAMS 0x000000008d500000, 0x000000008d500000| Complete 
| 214|0x000000008d600000, 0x000000008d700000, 0x000000008d700000|100%| E|CS|TAMS 0x000000008d600000, 0x000000008d600000| Complete 
| 215|0x000000008d700000, 0x000000008d800000, 0x000000008d800000|100%| E|CS|TAMS 0x000000008d700000, 0x000000008d700000| Complete 
| 216|0x000000008d800000, 0x000000008d900000, 0x000000008d900000|100%| E|CS|TAMS 0x000000008d800000, 0x000000008d800000| Complete 
| 217|0x000000008d900000, 0x000000008da00000, 0x000000008da00000|100%| E|CS|TAMS 0x000000008d900000, 0x000000008d900000| Complete 
| 218|0x000000008da00000, 0x000000008db00000, 0x000000008db00000|100%| E|CS|TAMS 0x000000008da00000, 0x000000008da00000| Complete 
| 219|0x000000008db00000, 0x000000008dc00000, 0x000000008dc00000|100%| E|CS|TAMS 0x000000008db00000, 0x000000008db00000| Complete 
| 220|0x000000008dc00000, 0x000000008dd00000, 0x000000008dd00000|100%| E|CS|TAMS 0x000000008dc00000, 0x000000008dc00000| Complete 
| 221|0x000000008dd00000, 0x000000008de00000, 0x000000008de00000|100%| E|CS|TAMS 0x000000008dd00000, 0x000000008dd00000| Complete 
| 222|0x000000008de00000, 0x000000008df00000, 0x000000008df00000|100%| E|CS|TAMS 0x000000008de00000, 0x000000008de00000| Complete 
| 223|0x000000008df00000, 0x000000008e000000, 0x000000008e000000|100%| E|CS|TAMS 0x000000008df00000, 0x000000008df00000| Complete 
| 224|0x000000008e000000, 0x000000008e100000, 0x000000008e100000|100%| E|CS|TAMS 0x000000008e000000, 0x000000008e000000| Complete 
| 225|0x000000008e100000, 0x000000008e200000, 0x000000008e200000|100%| E|CS|TAMS 0x000000008e100000, 0x000000008e100000| Complete 
| 226|0x000000008e200000, 0x000000008e300000, 0x000000008e300000|100%| E|CS|TAMS 0x000000008e200000, 0x000000008e200000| Complete 
| 227|0x000000008e300000, 0x000000008e400000, 0x000000008e400000|100%| E|CS|TAMS 0x000000008e300000, 0x000000008e300000| Complete 
| 228|0x000000008e400000, 0x000000008e500000, 0x000000008e500000|100%| E|CS|TAMS 0x000000008e400000, 0x000000008e400000| Complete 
| 229|0x000000008e500000, 0x000000008e600000, 0x000000008e600000|100%| E|CS|TAMS 0x000000008e500000, 0x000000008e500000| Complete 
| 230|0x000000008e600000, 0x000000008e700000, 0x000000008e700000|100%| E|CS|TAMS 0x000000008e600000, 0x000000008e600000| Complete 
| 231|0x000000008e700000, 0x000000008e800000, 0x000000008e800000|100%| E|CS|TAMS 0x000000008e700000, 0x000000008e700000| Complete 
| 232|0x000000008e800000, 0x000000008e900000, 0x000000008e900000|100%| E|CS|TAMS 0x000000008e800000, 0x000000008e800000| Complete 
| 233|0x000000008e900000, 0x000000008ea00000, 0x000000008ea00000|100%| E|CS|TAMS 0x000000008e900000, 0x000000008e900000| Complete 
| 234|0x000000008ea00000, 0x000000008eb00000, 0x000000008eb00000|100%| E|CS|TAMS 0x000000008ea00000, 0x000000008ea00000| Complete 
| 235|0x000000008eb00000, 0x000000008ec00000, 0x000000008ec00000|100%| E|CS|TAMS 0x000000008eb00000, 0x000000008eb00000| Complete 
| 236|0x000000008ec00000, 0x000000008ed00000, 0x000000008ed00000|100%| E|CS|TAMS 0x000000008ec00000, 0x000000008ec00000| Complete 
| 237|0x000000008ed00000, 0x000000008ee00000, 0x000000008ee00000|100%| E|  |TAMS 0x000000008ed00000, 0x000000008ed00000| Complete 
| 238|0x000000008ee00000, 0x000000008ef00000, 0x000000008ef00000|100%| E|CS|TAMS 0x000000008ee00000, 0x000000008ee00000| Complete 
| 239|0x000000008ef00000, 0x000000008f000000, 0x000000008f000000|100%| E|CS|TAMS 0x000000008ef00000, 0x000000008ef00000| Complete 
| 240|0x000000008f000000, 0x000000008f100000, 0x000000008f100000|100%| E|CS|TAMS 0x000000008f000000, 0x000000008f000000| Complete 
| 241|0x000000008f100000, 0x000000008f200000, 0x000000008f200000|100%| E|CS|TAMS 0x000000008f100000, 0x000000008f100000| Complete 
| 242|0x000000008f200000, 0x000000008f300000, 0x000000008f300000|100%| E|CS|TAMS 0x000000008f200000, 0x000000008f200000| Complete 
| 243|0x000000008f300000, 0x000000008f400000, 0x000000008f400000|100%| E|CS|TAMS 0x000000008f300000, 0x000000008f300000| Complete 
| 244|0x000000008f400000, 0x000000008f500000, 0x000000008f500000|100%| E|CS|TAMS 0x000000008f400000, 0x000000008f400000| Complete 
| 245|0x000000008f500000, 0x000000008f600000, 0x000000008f600000|100%| E|CS|TAMS 0x000000008f500000, 0x000000008f500000| Complete 
| 246|0x000000008f600000, 0x000000008f700000, 0x000000008f700000|100%| E|CS|TAMS 0x000000008f600000, 0x000000008f600000| Complete 
| 247|0x000000008f700000, 0x000000008f800000, 0x000000008f800000|100%| E|CS|TAMS 0x000000008f700000, 0x000000008f700000| Complete 
| 248|0x000000008f800000, 0x000000008f900000, 0x000000008f900000|100%| E|CS|TAMS 0x000000008f800000, 0x000000008f800000| Complete 
| 249|0x000000008f900000, 0x000000008fa00000, 0x000000008fa00000|100%| E|CS|TAMS 0x000000008f900000, 0x000000008f900000| Complete 
| 250|0x000000008fa00000, 0x000000008fb00000, 0x000000008fb00000|100%| E|CS|TAMS 0x000000008fa00000, 0x000000008fa00000| Complete 
| 251|0x000000008fb00000, 0x000000008fc00000, 0x000000008fc00000|100%| E|CS|TAMS 0x000000008fb00000, 0x000000008fb00000| Complete 
| 252|0x000000008fc00000, 0x000000008fd00000, 0x000000008fd00000|100%| E|CS|TAMS 0x000000008fc00000, 0x000000008fc00000| Complete 
| 253|0x000000008fd00000, 0x000000008fe00000, 0x000000008fe00000|100%| E|CS|TAMS 0x000000008fd00000, 0x000000008fd00000| Complete 

Card table byte_map: [0x000002bc5c740000,0x000002bc5cb40000] _byte_map_base: 0x000002bc5c340000

Marking Bits (Prev, Next): (CMBitMap*) 0x000002bc49552260, (CMBitMap*) 0x000002bc49552228
 Prev Bits: [0x000002bc5ef40000, 0x000002bc60f40000)
 Next Bits: [0x000002bc5cf40000, 0x000002bc5ef40000)

Polling page: 0x000002bc474c0000

Metaspace:

Usage:
  Non-class:     70.21 MB capacity,    68.97 MB ( 98%) used,     1.01 MB (  1%) free+waste,   235.06 KB ( <1%) overhead. 
      Class:     11.16 MB capacity,    10.37 MB ( 93%) used,   698.48 KB (  6%) free+waste,   107.69 KB ( <1%) overhead. 
       Both:     81.37 MB capacity,    79.34 MB ( 98%) used,     1.69 MB (  2%) free+waste,   342.75 KB ( <1%) overhead. 

Virtual space:
  Non-class space:       72.00 MB reserved,      70.37 MB ( 98%) committed 
      Class space:        1.00 GB reserved,      11.25 MB (  1%) committed 
             Both:        1.07 GB reserved,      81.62 MB (  7%) committed 

Chunk freelists:
   Non-Class:  38.00 KB
       Class:  0 bytes
        Both:  38.00 KB

MaxMetaspaceSize: 17179869184.00 GB
CompressedClassSpaceSize: 1.00 GB

CodeHeap 'non-profiled nmethods': size=120000Kb used=5893Kb max_used=5893Kb free=114106Kb
 bounds [0x000002bc54ae0000, 0x000002bc550b0000, 0x000002bc5c010000]
CodeHeap 'profiled nmethods': size=120000Kb used=20628Kb max_used=20628Kb free=99371Kb
 bounds [0x000002bc4d5b0000, 0x000002bc4e9e0000, 0x000002bc54ae0000]
CodeHeap 'non-nmethods': size=5760Kb used=2277Kb max_used=2333Kb free=3482Kb
 bounds [0x000002bc4d010000, 0x000002bc4d280000, 0x000002bc4d5b0000]
 total_blobs=10513 nmethods=9638 adapters=786
 compilation: enabled
              stopped_count=0, restarted_count=0
 full_count=0

Compilation events (20 events):
Event: 30.071 Thread 0x000002bc64285800 nmethod 9552 0x000002bc4e98f990 code [0x000002bc4e98fb80, 0x000002bc4e9900a8]
Event: 30.071 Thread 0x000002bc64285800 9553       1       org.gradle.api.internal.artifacts.transform.DefaultTransformationRegistrationFactory$DefaultArtifactTransformRegistration::getFrom (5 bytes)
Event: 30.071 Thread 0x000002bc64285800 nmethod 9553 0x000002bc5509b210 code [0x000002bc5509b3c0, 0x000002bc5509b478]
Event: 30.078 Thread 0x000002bc64285800 9554       3       org.gradle.api.internal.artifacts.ivyservice.resolveengine.artifact.DefaultArtifactSet$SingleArtifactVariantIdentifier::hashCode (8 bytes)
Event: 30.078 Thread 0x000002bc64285800 nmethod 9554 0x000002bc4e990210 code [0x000002bc4e9903c0, 0x000002bc4e990588]
Event: 30.080 Thread 0x000002bc64285800 9557       3       org.gradle.api.internal.provider.ProviderResolutionStrategy$1::resolve (7 bytes)
Event: 30.080 Thread 0x000002bc64285800 nmethod 9557 0x000002bc4e990690 code [0x000002bc4e990840, 0x000002bc4e990a08]
Event: 30.081 Thread 0x000002bc64285800 9558       3       org.gradle.api.internal.artifacts.ivyservice.resolveengine.artifact.ArtifactBackedResolvedVariant$SingleArtifactSet::visit (98 bytes)
Event: 30.084 Thread 0x000002bc64285800 nmethod 9558 0x000002bc4e990b10 code [0x000002bc4e990f80, 0x000002bc4e993048]
Event: 30.084 Thread 0x000002bc64285800 9560       3       org.gradle.api.internal.artifacts.transform.TransformingAsyncArtifactListener$TransformedArtifact::createInvocation (91 bytes)
Event: 30.086 Thread 0x000002bc64285800 nmethod 9560 0x000002bc4e993a10 code [0x000002bc4e993ca0, 0x000002bc4e994a28]
Event: 30.086 Thread 0x000002bc64285800 9568       3       org.gradle.api.internal.artifacts.transform.DefaultTransformer::isolateParametersIfNotAlready (8 bytes)
Event: 30.086 Thread 0x000002bc64285800 nmethod 9568 0x000002bc4e994e90 code [0x000002bc4e995060, 0x000002bc4e9952a8]
Event: 30.086 Thread 0x000002bc64285800 9569       3       org.gradle.api.internal.artifacts.transform.DefaultTransformUpstreamDependenciesResolver$2::finalizeIfNotAlready (1 bytes)
Event: 30.086 Thread 0x000002bc64285800 nmethod 9569 0x000002bc4e995410 code [0x000002bc4e9955c0, 0x000002bc4e9956b8]
Event: 30.086 Thread 0x000002bc64285800 9561       3       org.gradle.api.internal.artifacts.ivyservice.resolveengine.artifact.ArtifactVisitor::endVisitCollection (1 bytes)
Event: 30.086 Thread 0x000002bc64285800 nmethod 9561 0x000002bc4e995790 code [0x000002bc4e995940, 0x000002bc4e995a38]
Event: 30.086 Thread 0x000002bc64285800 9563       3       org.gradle.internal.component.external.model.ModuleComponentFileArtifactIdentifier::getComponentIdentifier (5 bytes)
Event: 30.087 Thread 0x000002bc64285800 nmethod 9563 0x000002bc4e995b10 code [0x000002bc4e995ce0, 0x000002bc4e995f58]
Event: 30.087 Thread 0x000002bc64285800 9562       3       org.gradle.api.internal.artifacts.transform.CacheableInvocation$2::getCachedResult (8 bytes)

GC Heap History (18 events):
Event: 1.686 GC heap before
{Heap before GC invocations=0 (full 0):
 garbage-first heap   total 260096K, used 29696K [0x0000000080000000, 0x0000000100000000)
  region size 1024K, 24 young (24576K), 0 survivors (0K)
 Metaspace       used 10208K, capacity 10483K, committed 10624K, reserved 1058816K
  class space    used 1067K, capacity 1138K, committed 1152K, reserved 1048576K
}
Event: 1.702 GC heap after
{Heap after GC invocations=1 (full 0):
 garbage-first heap   total 260096K, used 9444K [0x0000000080000000, 0x0000000100000000)
  region size 1024K, 3 young (3072K), 3 survivors (3072K)
 Metaspace       used 10208K, capacity 10483K, committed 10624K, reserved 1058816K
  class space    used 1067K, capacity 1138K, committed 1152K, reserved 1048576K
}
Event: 9.309 GC heap before
{Heap before GC invocations=1 (full 0):
 garbage-first heap   total 260096K, used 107748K [0x0000000080000000, 0x0000000100000000)
  region size 1024K, 100 young (102400K), 3 survivors (3072K)
 Metaspace       used 20682K, capacity 21164K, committed 21296K, reserved 1069056K
  class space    used 2533K, capacity 2660K, committed 2688K, reserved 1048576K
}
Event: 9.322 GC heap after
{Heap after GC invocations=2 (full 0):
 garbage-first heap   total 260096K, used 16678K [0x0000000080000000, 0x0000000100000000)
  region size 1024K, 11 young (11264K), 11 survivors (11264K)
 Metaspace       used 20682K, capacity 21164K, committed 21296K, reserved 1069056K
  class space    used 2533K, capacity 2660K, committed 2688K, reserved 1048576K
}
Event: 10.332 GC heap before
{Heap before GC invocations=3 (full 0):
 garbage-first heap   total 260096K, used 61734K [0x0000000080000000, 0x0000000100000000)
  region size 1024K, 55 young (56320K), 11 survivors (11264K)
 Metaspace       used 25203K, capacity 25802K, committed 26032K, reserved 1071104K
  class space    used 3262K, capacity 3467K, committed 3584K, reserved 1048576K
}
Event: 10.343 GC heap after
{Heap after GC invocations=4 (full 0):
 garbage-first heap   total 260096K, used 19126K [0x0000000080000000, 0x0000000100000000)
  region size 1024K, 3 young (3072K), 3 survivors (3072K)
 Metaspace       used 25203K, capacity 25802K, committed 26032K, reserved 1071104K
  class space    used 3262K, capacity 3467K, committed 3584K, reserved 1048576K
}
Event: 12.471 GC heap before
{Heap before GC invocations=4 (full 0):
 garbage-first heap   total 260096K, used 85686K [0x0000000080000000, 0x0000000100000000)
  region size 1024K, 69 young (70656K), 3 survivors (3072K)
 Metaspace       used 34905K, capacity 35644K, committed 35708K, reserved 1081344K
  class space    used 4538K, capacity 4861K, committed 4864K, reserved 1048576K
}
Event: 12.489 GC heap after
{Heap after GC invocations=5 (full 0):
 garbage-first heap   total 260096K, used 22529K [0x0000000080000000, 0x0000000100000000)
  region size 1024K, 6 young (6144K), 6 survivors (6144K)
 Metaspace       used 34905K, capacity 35644K, committed 35708K, reserved 1081344K
  class space    used 4538K, capacity 4861K, committed 4864K, reserved 1048576K
}
Event: 17.078 GC heap before
{Heap before GC invocations=6 (full 0):
 garbage-first heap   total 260096K, used 151553K [0x0000000080000000, 0x0000000100000000)
  region size 1024K, 129 young (132096K), 6 survivors (6144K)
 Metaspace       used 45569K, capacity 46614K, committed 46844K, reserved 1089536K
  class space    used 5837K, capacity 6243K, committed 6272K, reserved 1048576K
}
Event: 17.094 GC heap after
{Heap after GC invocations=7 (full 0):
 garbage-first heap   total 260096K, used 29564K [0x0000000080000000, 0x0000000100000000)
  region size 1024K, 13 young (13312K), 13 survivors (13312K)
 Metaspace       used 45569K, capacity 46614K, committed 46844K, reserved 1089536K
  class space    used 5837K, capacity 6243K, committed 6272K, reserved 1048576K
}
Event: 21.145 GC heap before
{Heap before GC invocations=7 (full 0):
 garbage-first heap   total 260096K, used 174972K [0x0000000080000000, 0x0000000100000000)
  region size 1024K, 150 young (153600K), 13 survivors (13312K)
 Metaspace       used 56981K, capacity 58317K, committed 58620K, reserved 1099776K
  class space    used 7217K, capacity 7710K, committed 7808K, reserved 1048576K
}
Event: 21.168 GC heap after
{Heap after GC invocations=8 (full 0):
 garbage-first heap   total 260096K, used 46227K [0x0000000080000000, 0x0000000100000000)
  region size 1024K, 19 young (19456K), 19 survivors (19456K)
 Metaspace       used 56981K, capacity 58317K, committed 58620K, reserved 1099776K
  class space    used 7217K, capacity 7710K, committed 7808K, reserved 1048576K
}
Event: 21.399 GC heap before
{Heap before GC invocations=8 (full 0):
 garbage-first heap   total 260096K, used 53395K [0x0000000080000000, 0x0000000100000000)
  region size 1024K, 27 young (27648K), 19 survivors (19456K)
 Metaspace       used 58443K, capacity 59760K, committed 59940K, reserved 1101824K
  class space    used 7413K, capacity 7915K, committed 7936K, reserved 1048576K
}
Event: 21.433 GC heap after
{Heap after GC invocations=9 (full 0):
 garbage-first heap   total 260096K, used 47987K [0x0000000080000000, 0x0000000100000000)
  region size 1024K, 3 young (3072K), 3 survivors (3072K)
 Metaspace       used 58443K, capacity 59760K, committed 59940K, reserved 1101824K
  class space    used 7413K, capacity 7915K, committed 7936K, reserved 1048576K
}
Event: 25.308 GC heap before
{Heap before GC invocations=10 (full 0):
 garbage-first heap   total 260096K, used 200563K [0x0000000080000000, 0x0000000100000000)
  region size 1024K, 152 young (155648K), 3 survivors (3072K)
 Metaspace       used 70746K, capacity 72350K, committed 72444K, reserved 1112064K
  class space    used 9187K, capacity 9786K, committed 9856K, reserved 1048576K
}
Event: 25.322 GC heap after
{Heap after GC invocations=11 (full 0):
 garbage-first heap   total 260096K, used 56899K [0x0000000080000000, 0x0000000100000000)
  region size 1024K, 12 young (12288K), 12 survivors (12288K)
 Metaspace       used 70746K, capacity 72350K, committed 72444K, reserved 1112064K
  class space    used 9187K, capacity 9786K, committed 9856K, reserved 1048576K
}
Event: 29.217 GC heap before
{Heap before GC invocations=11 (full 0):
 garbage-first heap   total 260096K, used 199235K [0x0000000080000000, 0x0000000100000000)
  region size 1024K, 152 young (155648K), 12 survivors (12288K)
 Metaspace       used 80340K, capacity 82325K, committed 82684K, reserved 1120256K
  class space    used 10532K, capacity 11288K, committed 11392K, reserved 1048576K
}
Event: 29.242 GC heap after
{Heap after GC invocations=12 (full 0):
 garbage-first heap   total 260096K, used 66672K [0x0000000080000000, 0x0000000100000000)
  region size 1024K, 10 young (10240K), 10 survivors (10240K)
 Metaspace       used 80340K, capacity 82325K, committed 82684K, reserved 1120256K
  class space    used 10532K, capacity 11288K, committed 11392K, reserved 1048576K
}

Deoptimization events (20 events):
Event: 29.979 Thread 0x000002bc6667f000 Uncommon trap: trap_request=0xffffffc6 fr.pc=0x000002bc5505546c relative=0x000000000000040c
Event: 29.979 Thread 0x000002bc6667f000 Uncommon trap: reason=bimorphic_or_optimized_type_check action=maybe_recompile pc=0x000002bc5505546c method=java.util.Collections.indexedBinarySearch(Ljava/util/List;Ljava/lang/Object;Ljava/util/Comparator;)I @ 3 c2
Event: 29.979 Thread 0x000002bc6667f000 DEOPT PACKING pc=0x000002bc5505546c sp=0x000000c4158fac70
Event: 29.979 Thread 0x000002bc6667f000 DEOPT UNPACKING pc=0x000002bc4d03662f sp=0x000000c4158fac28 mode 2
Event: 30.038 Thread 0x000002bc6667f000 Uncommon trap: trap_request=0xffffff4d fr.pc=0x000002bc5506a588 relative=0x0000000000001848
Event: 30.038 Thread 0x000002bc6667f000 Uncommon trap: reason=unstable_if action=reinterpret pc=0x000002bc5506a588 method=java.nio.file.FileTreeWalker.visit(Ljava/nio/file/Path;ZZ)Ljava/nio/file/FileTreeWalker$Event; @ 84 c2
Event: 30.038 Thread 0x000002bc6667f000 DEOPT PACKING pc=0x000002bc5506a588 sp=0x000000c4158fd090
Event: 30.038 Thread 0x000002bc6667f000 DEOPT UNPACKING pc=0x000002bc4d03662f sp=0x000000c4158fd0b0 mode 2
Event: 30.041 Thread 0x000002bc6667f000 Uncommon trap: trap_request=0xffffff4d fr.pc=0x000002bc55037120 relative=0x0000000000001c00
Event: 30.041 Thread 0x000002bc6667f000 Uncommon trap: reason=unstable_if action=reinterpret pc=0x000002bc55037120 method=java.nio.file.FileTreeWalker.getAttributes(Ljava/nio/file/Path;Z)Ljava/nio/file/attribute/BasicFileAttributes; @ 35 c2
Event: 30.041 Thread 0x000002bc6667f000 DEOPT PACKING pc=0x000002bc55037120 sp=0x000000c4158fd120
Event: 30.041 Thread 0x000002bc6667f000 DEOPT UNPACKING pc=0x000002bc4d03662f sp=0x000000c4158fd020 mode 2
Event: 30.080 Thread 0x000002bc6667f000 Uncommon trap: trap_request=0xffffffd6 fr.pc=0x000002bc55087e0c relative=0x00000000000006cc
Event: 30.080 Thread 0x000002bc6667f000 Uncommon trap: reason=array_check action=maybe_recompile pc=0x000002bc55087e0c method=java.util.TimSort.binarySort([Ljava/lang/Object;IIILjava/util/Comparator;)V @ 215 c2
Event: 30.080 Thread 0x000002bc6667f000 DEOPT PACKING pc=0x000002bc55087e0c sp=0x000000c4158fa4a0
Event: 30.080 Thread 0x000002bc6667f000 DEOPT UNPACKING pc=0x000002bc4d03662f sp=0x000000c4158fa448 mode 2
Event: 30.080 Thread 0x000002bc6667f000 Uncommon trap: trap_request=0xffffffd6 fr.pc=0x000002bc55087e0c relative=0x00000000000006cc
Event: 30.080 Thread 0x000002bc6667f000 Uncommon trap: reason=array_check action=maybe_recompile pc=0x000002bc55087e0c method=java.util.TimSort.binarySort([Ljava/lang/Object;IIILjava/util/Comparator;)V @ 215 c2
Event: 30.080 Thread 0x000002bc6667f000 DEOPT PACKING pc=0x000002bc55087e0c sp=0x000000c4158fa0a0
Event: 30.080 Thread 0x000002bc6667f000 DEOPT UNPACKING pc=0x000002bc4d03662f sp=0x000000c4158fa048 mode 2

Classes redefined (0 events):
No events

Internal exceptions (20 events):
Event: 27.592 Thread 0x000002bc67234800 Exception <a 'java/lang/NoSuchMethodError'{0x000000008b22fc70}: <clinit>> (0x000000008b22fc70) thrown at [./src/hotspot/share/prims/jni.cpp, line 1362]
Event: 27.602 Thread 0x000002bc6667f000 Exception <a 'java/lang/NoSuchMethodError'{0x000000008b105968}: 'java.lang.Object java.lang.invoke.DirectMethodHandle$Holder.invokeInterface(java.lang.Object, java.lang.Object, int)'> (0x000000008b105968) thrown at [./src/hotspot/share/interpreter/linkResolver.cpp, line 773]
Event: 27.604 Thread 0x000002bc6667f000 Exception <a 'java/lang/NoSuchMethodError'{0x000000008b117d98}: 'void java.lang.invoke.DirectMethodHandle$Holder.invokeStatic(java.lang.Object, java.lang.Object, java.lang.Object, int)'> (0x000000008b117d98) thrown at [./src/hotspot/share/interpreter/linkResolver.cpp, line 773]
Event: 27.617 Thread 0x000002bc6667e800 Exception <a 'java/lang/NoSuchMethodError'{0x000000008b06d610}: <clinit>> (0x000000008b06d610) thrown at [./src/hotspot/share/prims/jni.cpp, line 1362]
Event: 27.622 Thread 0x000002bc6667e800 Exception <a 'java/lang/NoSuchMethodError'{0x000000008b082068}: <clinit>> (0x000000008b082068) thrown at [./src/hotspot/share/prims/jni.cpp, line 1362]
Event: 27.625 Thread 0x000002bc6667e800 Exception <a 'java/lang/NoSuchMethodError'{0x000000008b0a4778}: <clinit>> (0x000000008b0a4778) thrown at [./src/hotspot/share/prims/jni.cpp, line 1362]
Event: 27.627 Thread 0x000002bc6667e800 Exception <a 'java/lang/NoSuchMethodError'{0x000000008b0ae4a8}: 'void java.lang.invoke.DirectMethodHandle$Holder.invokeSpecial(java.lang.Object, java.lang.Object, java.lang.Object, int)'> (0x000000008b0ae4a8) thrown at [./src/hotspot/share/interpreter/linkResolver.cpp, line 773]
Event: 27.651 Thread 0x000002bc6667f000 Exception <a 'java/lang/IncompatibleClassChangeError'{0x000000008af4d4b8}: Found class java.lang.Object, but interface was expected> (0x000000008af4d4b8) thrown at [./src/hotspot/share/interpreter/linkResolver.cpp, line 839]
Event: 27.685 Thread 0x000002bc67234800 Exception <a 'java/lang/NoSuchMethodError'{0x000000008aed56c8}: <clinit>> (0x000000008aed56c8) thrown at [./src/hotspot/share/prims/jni.cpp, line 1362]
Event: 27.818 Thread 0x000002bc6667f000 Exception <a 'java/lang/IncompatibleClassChangeError'{0x000000008ad9eb08}: Found class java.lang.Object, but interface was expected> (0x000000008ad9eb08) thrown at [./src/hotspot/share/interpreter/linkResolver.cpp, line 839]
Event: 27.830 Thread 0x000002bc6667f000 Exception <a 'java/lang/IncompatibleClassChangeError'{0x000000008adf5170}: Found class java.lang.Object, but interface was expected> (0x000000008adf5170) thrown at [./src/hotspot/share/interpreter/linkResolver.cpp, line 839]
Event: 27.900 Thread 0x000002bc6667f000 Exception <a 'java/lang/NoSuchMethodError'{0x000000008aa31f28}: 'int java.lang.invoke.DirectMethodHandle$Holder.invokeStaticInit(java.lang.Object, java.lang.Object, java.lang.Object, java.lang.Object, java.lang.Object)'> (0x000000008aa31f28) thrown at [./src/hotspot/share/interpreter/linkResolver.cpp, line 773]
Event: 28.203 Thread 0x000002bc6667f000 Exception <a 'java/lang/NoSuchMethodError'{0x000000008a45f208}: 'void java.lang.invoke.DirectMethodHandle$Holder.invokeStatic(java.lang.Object, java.lang.Object, java.lang.Object, java.lang.Object, int, java.lang.Object, java.lang.Object)'> (0x000000008a45f208) thrown at [./src/hotspot/share/interpreter/linkResolver.cpp, line 773]
Event: 28.241 Thread 0x000002bc66eeb800 Exception <a 'java/lang/NoSuchMethodError'{0x0000000089f7be78}: 'java.lang.Object java.lang.invoke.DirectMethodHandle$Holder.invokeSpecialIFC(java.lang.Object, java.lang.Object, java.lang.Object)'> (0x0000000089f7be78) thrown at [./src/hotspot/share/interpreter/linkResolver.cpp, line 773]
Event: 28.242 Thread 0x000002bc6667f000 Exception <a 'java/lang/NoSuchMethodError'{0x000000008a195650}: 'java.lang.Object java.lang.invoke.DirectMethodHandle$Holder.invokeSpecialIFC(java.lang.Object, java.lang.Object, java.lang.Object)'> (0x000000008a195650) thrown at [./src/hotspot/share/interpreter/linkResolver.cpp, line 773]
Event: 29.585 Thread 0x000002bc6667f000 Exception <a 'java/lang/NoSuchMethodError'{0x000000008ecf61f8}: <clinit>> (0x000000008ecf61f8) thrown at [./src/hotspot/share/prims/jni.cpp, line 1362]
Event: 29.586 Thread 0x000002bc6667f000 Exception <a 'java/lang/NoSuchMethodError'{0x000000008ecf7530}: <clinit>> (0x000000008ecf7530) thrown at [./src/hotspot/share/prims/jni.cpp, line 1362]
Event: 29.586 Thread 0x000002bc6667f000 Exception <a 'java/lang/NoSuchMethodError'{0x000000008ecf99e8}: <clinit>> (0x000000008ecf99e8) thrown at [./src/hotspot/share/prims/jni.cpp, line 1362]
Event: 29.589 Thread 0x000002bc6667f000 Exception <a 'java/lang/NoSuchMethodError'{0x000000008eb11c78}: <clinit>> (0x000000008eb11c78) thrown at [./src/hotspot/share/prims/jni.cpp, line 1362]
Event: 29.589 Thread 0x000002bc6667f000 Exception <a 'java/lang/NoSuchMethodError'{0x000000008eb13158}: <clinit>> (0x000000008eb13158) thrown at [./src/hotspot/share/prims/jni.cpp, line 1362]

Events (20 events):
Event: 30.058 loading class org/gradle/util/internal/VersionNumber$DefaultScheme
Event: 30.058 loading class org/gradle/util/internal/VersionNumber$DefaultScheme done
Event: 30.059 loading class org/gradle/util/internal/VersionNumber$AbstractScheme$Scanner
Event: 30.059 loading class org/gradle/util/internal/VersionNumber$AbstractScheme$Scanner done
Event: 30.060 loading class org/gradle/jvm/toolchain/internal/DefaultToolchainJavaCompiler
Event: 30.060 loading class org/gradle/jvm/toolchain/internal/DefaultToolchainJavaCompiler done
Event: 30.065 loading class org/gradle/api/internal/artifacts/transform/ImmutableConsumerVariantMatchResult
Event: 30.065 loading class org/gradle/api/internal/artifacts/transform/ImmutableConsumerVariantMatchResult done
Event: 30.066 loading class org/gradle/internal/Pair
Event: 30.066 loading class org/gradle/internal/Pair done
Event: 30.066 loading class org/gradle/internal/Pair
Event: 30.066 loading class org/gradle/internal/Pair done
Event: 30.067 loading class org/gradle/api/internal/attributes/AttributeContainerInternal
Event: 30.067 loading class org/gradle/api/internal/attributes/AttributeContainerInternal done
Event: 30.067 loading class org/gradle/internal/Pair
Event: 30.067 loading class org/gradle/internal/Pair done
Event: 30.067 loading class org/gradle/api/internal/attributes/AttributeContainerInternal
Event: 30.067 loading class org/gradle/api/internal/attributes/AttributeContainerInternal done
Event: 30.082 Executing VM operation: RevokeBias
Event: 30.082 Executing VM operation: RevokeBias done


Dynamic libraries:
0x00007ff79f380000 - 0x00007ff79f38a000 	C:\Program Files\Android\Android Studio\jre\bin\java.exe
0x00007fffdd560000 - 0x00007fffdd769000 	C:\WINDOWS\SYSTEM32\ntdll.dll
0x00007fffdd380000 - 0x00007fffdd43e000 	C:\WINDOWS\System32\KERNEL32.DLL
0x00007fffdaf40000 - 0x00007fffdb2bb000 	C:\WINDOWS\System32\KERNELBASE.dll
0x00007fffdb2c0000 - 0x00007fffdb3d1000 	C:\WINDOWS\System32\ucrtbase.dll
0x00007fffd5dc0000 - 0x00007fffd5dd7000 	C:\Program Files\Android\Android Studio\jre\bin\VCRUNTIME140.dll
0x00007fffcbf60000 - 0x00007fffcbf79000 	C:\Program Files\Android\Android Studio\jre\bin\jli.dll
0x00007fffdc170000 - 0x00007fffdc31d000 	C:\WINDOWS\System32\USER32.dll
0x00007fffdab70000 - 0x00007fffdab96000 	C:\WINDOWS\System32\win32u.dll
0x00007fffdc320000 - 0x00007fffdc349000 	C:\WINDOWS\System32\GDI32.dll
0x00007fffc1dd0000 - 0x00007fffc2075000 	C:\WINDOWS\WinSxS\amd64_microsoft.windows.common-controls_6595b64144ccf1df_6.0.22000.120_none_9d947278b86cc467\COMCTL32.dll
0x00007fffdd240000 - 0x00007fffdd2e3000 	C:\WINDOWS\System32\msvcrt.dll
0x00007fffdaba0000 - 0x00007fffdacb8000 	C:\WINDOWS\System32\gdi32full.dll
0x00007fffdacc0000 - 0x00007fffdad5d000 	C:\WINDOWS\System32\msvcp_win.dll
0x00007fffdb3e0000 - 0x00007fffdb412000 	C:\WINDOWS\System32\IMM32.DLL
0x00007fffbd5a0000 - 0x00007fffbd63d000 	C:\Program Files\Android\Android Studio\jre\bin\msvcp140.dll
0x00007fff74730000 - 0x00007fff75205000 	C:\Program Files\Android\Android Studio\jre\bin\server\jvm.dll
0x00007fffdbdf0000 - 0x00007fffdbe9e000 	C:\WINDOWS\System32\ADVAPI32.dll
0x00007fffdb6f0000 - 0x00007fffdb78e000 	C:\WINDOWS\System32\sechost.dll
0x00007fffdb5d0000 - 0x00007fffdb6f0000 	C:\WINDOWS\System32\RPCRT4.dll
0x00007fffdc350000 - 0x00007fffdc358000 	C:\WINDOWS\System32\PSAPI.DLL
0x00007fffd5150000 - 0x00007fffd5183000 	C:\WINDOWS\SYSTEM32\WINMM.dll
0x00007fffbaec0000 - 0x00007fffbaec9000 	C:\WINDOWS\SYSTEM32\WSOCK32.dll
0x00007fffdbd80000 - 0x00007fffdbdef000 	C:\WINDOWS\System32\WS2_32.dll
0x00007fffd37d0000 - 0x00007fffd37da000 	C:\WINDOWS\SYSTEM32\VERSION.dll
0x00007fffd9ab0000 - 0x00007fffd9ac8000 	C:\WINDOWS\SYSTEM32\kernel.appcore.dll
0x00007fffb3600000 - 0x00007fffb3611000 	C:\Program Files\Android\Android Studio\jre\bin\verify.dll
0x00007fffd85e0000 - 0x00007fffd8801000 	C:\WINDOWS\SYSTEM32\DBGHELP.DLL
0x00007fffcdb60000 - 0x00007fffcdb91000 	C:\WINDOWS\SYSTEM32\dbgcore.DLL
0x00007fffdaa30000 - 0x00007fffdaaaf000 	C:\WINDOWS\System32\bcryptPrimitives.dll
0x00007fffb0300000 - 0x00007fffb0329000 	C:\Program Files\Android\Android Studio\jre\bin\java.dll
0x00007fffb35f0000 - 0x00007fffb35fb000 	C:\Program Files\Android\Android Studio\jre\bin\jimage.dll
0x00007fff76bc0000 - 0x00007fff76bd8000 	C:\Program Files\Android\Android Studio\jre\bin\zip.dll
0x00007fffdc3c0000 - 0x00007fffdcb77000 	C:\WINDOWS\System32\SHELL32.dll
0x00007fffd8b20000 - 0x00007fffd9385000 	C:\WINDOWS\SYSTEM32\windows.storage.dll
0x00007fffdb9a0000 - 0x00007fffdbd18000 	C:\WINDOWS\System32\combase.dll
0x00007fffd89b0000 - 0x00007fffd8b16000 	C:\WINDOWS\SYSTEM32\wintypes.dll
0x00007fffdb790000 - 0x00007fffdb87a000 	C:\WINDOWS\System32\SHCORE.dll
0x00007fffdc360000 - 0x00007fffdc3bd000 	C:\WINDOWS\System32\shlwapi.dll
0x00007fffda960000 - 0x00007fffda981000 	C:\WINDOWS\SYSTEM32\profapi.dll
0x00007fff76ba0000 - 0x00007fff76bba000 	C:\Program Files\Android\Android Studio\jre\bin\net.dll
0x00007fffd55e0000 - 0x00007fffd56f4000 	C:\WINDOWS\SYSTEM32\WINHTTP.dll
0x00007fffd9f50000 - 0x00007fffd9fb7000 	C:\WINDOWS\system32\mswsock.dll
0x00007fff76b80000 - 0x00007fff76b94000 	C:\Program Files\Android\Android Studio\jre\bin\nio.dll
0x00007fffa70c0000 - 0x00007fffa70e7000 	C:\Users\ghdrl\.gradle\native\e1d6ef7f7dcc3fd88c89a11ec53ec762bb8ba0a96d01ffa2cd45eb1d1d8dd5c5\windows-amd64\native-platform.dll
0x00007fffa1ca0000 - 0x00007fffa1de4000 	C:\Users\ghdrl\.gradle\native\5664cfc778a61ccfe75a443a1ab52a65af34e5dc3c78e0209fed803814484fcb\windows-amd64\native-platform-file-events.dll
0x00007fffb3890000 - 0x00007fffb389a000 	C:\Program Files\Android\Android Studio\jre\bin\management.dll
0x00007fffb02f0000 - 0x00007fffb02fd000 	C:\Program Files\Android\Android Studio\jre\bin\management_ext.dll
0x00007fffda190000 - 0x00007fffda1a8000 	C:\WINDOWS\SYSTEM32\CRYPTSP.dll
0x00007fffd9a10000 - 0x00007fffd9a45000 	C:\WINDOWS\system32\rsaenh.dll
0x00007fffda040000 - 0x00007fffda069000 	C:\WINDOWS\SYSTEM32\USERENV.dll
0x00007fffda320000 - 0x00007fffda347000 	C:\WINDOWS\SYSTEM32\bcrypt.dll
0x00007fffda1b0000 - 0x00007fffda1bc000 	C:\WINDOWS\SYSTEM32\CRYPTBASE.dll
0x00007fffd95e0000 - 0x00007fffd960d000 	C:\WINDOWS\SYSTEM32\IPHLPAPI.DLL
0x00007fffdc0f0000 - 0x00007fffdc0f9000 	C:\WINDOWS\System32\NSI.dll
0x00007fffd53c0000 - 0x00007fffd53d9000 	C:\WINDOWS\SYSTEM32\dhcpcsvc6.DLL
0x00007fffd62c0000 - 0x00007fffd62de000 	C:\WINDOWS\SYSTEM32\dhcpcsvc.DLL
0x00007fffd9610000 - 0x00007fffd96f8000 	C:\WINDOWS\SYSTEM32\DNSAPI.dll

dbghelp: loaded successfully - version: 4.0.5 - missing functions: none
symbol engine: initialized successfully - sym options: 0x614 - pdb path: .;C:\Program Files\Android\Android Studio\jre\bin;C:\WINDOWS\SYSTEM32;C:\WINDOWS\WinSxS\amd64_microsoft.windows.common-controls_6595b64144ccf1df_6.0.22000.120_none_9d947278b86cc467;C:\Program Files\Android\Android Studio\jre\bin\server;C:\Users\ghdrl\.gradle\native\e1d6ef7f7dcc3fd88c89a11ec53ec762bb8ba0a96d01ffa2cd45eb1d1d8dd5c5\windows-amd64;C:\Users\ghdrl\.gradle\native\5664cfc778a61ccfe75a443a1ab52a65af34e5dc3c78e0209fed803814484fcb\windows-amd64

VM Arguments:
jvm_args: --add-opens=java.base/java.util=ALL-UNNAMED --add-opens=java.base/java.lang=ALL-UNNAMED --add-opens=java.base/java.lang.invoke=ALL-UNNAMED --add-opens=java.base/java.util=ALL-UNNAMED --add-opens=java.prefs/java.util.prefs=ALL-UNNAMED --add-opens=java.prefs/java.util.prefs=ALL-UNNAMED --add-opens=java.base/java.nio.charset=ALL-UNNAMED --add-opens=java.base/java.net=ALL-UNNAMED --add-opens=java.base/java.util.concurrent.atomic=ALL-UNNAMED -Xmx2048m -Dfile.encoding=UTF-8 -Duser.country=KR -Duser.language=ko -Duser.variant 
java_command: org.gradle.launcher.daemon.bootstrap.GradleDaemon 7.2
java_class_path (initial): C:\Users\ghdrl\.gradle\wrapper\dists\gradle-7.2-bin\2dnblmf4td7x66yl1d74lt32g\gradle-7.2\lib\gradle-launcher-7.2.jar
Launcher Type: SUN_STANDARD

[Global flags]
     intx CICompilerCount                          = 4                                         {product} {ergonomic}
     uint ConcGCThreads                            = 2                                         {product} {ergonomic}
     uint G1ConcRefinementThreads                  = 8                                         {product} {ergonomic}
   size_t G1HeapRegionSize                         = 1048576                                   {product} {ergonomic}
    uintx GCDrainStackTargetSize                   = 64                                        {product} {ergonomic}
   size_t InitialHeapSize                          = 266338304                                 {product} {ergonomic}
   size_t MarkStackSize                            = 4194304                                   {product} {ergonomic}
   size_t MaxHeapSize                              = 2147483648                                {product} {command line}
   size_t MaxNewSize                               = 1287651328                                {product} {ergonomic}
   size_t MinHeapDeltaBytes                        = 1048576                                   {product} {ergonomic}
    uintx NonNMethodCodeHeapSize                   = 5836300                                {pd product} {ergonomic}
    uintx NonProfiledCodeHeapSize                  = 122910970                              {pd product} {ergonomic}
    uintx ProfiledCodeHeapSize                     = 122910970                              {pd product} {ergonomic}
    uintx ReservedCodeCacheSize                    = 251658240                              {pd product} {ergonomic}
     bool SegmentedCodeCache                       = true                                      {product} {ergonomic}
     bool UseCompressedClassPointers               = true                                 {lp64_product} {ergonomic}
     bool UseCompressedOops                        = true                                 {lp64_product} {ergonomic}
     bool UseG1GC                                  = true                                      {product} {ergonomic}
     bool UseLargePagesIndividualAllocation        = false                                  {pd product} {ergonomic}

Logging:
Log output configuration:
 #0: stdout all=warning uptime,level,tags
 #1: stderr all=off uptime,level,tags

Environment Variables:
JAVA_HOME=C:\Program Files\Java\jdk-11.0.2
PATH=C:\Program Files (x86)\VMware\VMware Player\bin\;C:\Program Files\Common Files\Oracle\Java\javapath;C:\Program Files (x86)\NAT Service;C:\WINDOWS\system32;C:\WINDOWS;C:\Program Files\Java\jdk-11.0.2\bin;;C:\WINDOWS\System32\Wbem;C:\WINDOWS\System32\WindowsPowerShell\v1.0\;C:\WINDOWS\System32\OpenSSH\;C:\Program Files\Docker\Docker\resources\bin;C:\ProgramData\DockerDesktop\version-bin;C:\Program Files\dotnet\;C:\Users\ghdrl\AppData\Local\Programs\Python\Python310\Scripts\;C:\Users\ghdrl\AppData\Local\Programs\Python\Python310\;C:\Users\ghdrl\AppData\Local\Microsoft\WindowsApps;C:\Program Files\Bandizip\;C:\Users\ghdrl\AppData\Local\afreeca;C:\Users\ghdrl\AppData\Local\Programs\Microsoft VS Code\bin;C:\Program Files (x86)\Nmap;;C:\Program Files (x86)\ESTsoft\ALSee\x64
USERNAME=ghdrl
OS=Windows_NT
PROCESSOR_IDENTIFIER=Intel64 Family 6 Model 142 Stepping 11, GenuineIntel



---------------  S Y S T E M  ---------------

OS: Windows 10 , 64 bit Build 22000 (10.0.22000.1335)
OS uptime: 2 days 19:52 hours

CPU:total 8 (initial active 8) (4 cores per cpu, 2 threads per core) family 6 model 142 stepping 11 microcode 0xde, cmov, cx8, fxsr, mmx, sse, sse2, sse3, ssse3, sse4.1, sse4.2, popcnt, avx, avx2, aes, clmul, erms, 3dnowpref, lzcnt, ht, tsc, tscinvbit, bmi1, bmi2, adx, fma

Memory: 4k page, system-wide physical 16177M (1636M free)
TotalPageFile size 16177M (AvailPageFile size 3M)
current process WorkingSet (physical memory assigned to process): 479M, peak: 479M
current process commit charge ("private bytes"): 548M, peak: 548M

vm_info: OpenJDK 64-Bit Server VM (11.0.11+9-b60-7590822) for windows-amd64 JRE (11.0.11+9-b60-7590822), built on Jul 29 2021 21:43:44 by "builder" with MS VC++ 14.0 (VS2015)

END.
